[4.717s] DEBUG:colcon:Command line arguments: ['/usr/bin/colcon', 'build']
[4.717s] DEBUG:colcon:Parsed command line arguments: Namespace(log_base=None, log_level=None, verb_name='build', build_base='build', install_base='install', merge_install=False, symlink_install=False, test_result_base=None, continue_on_error=False, executor='parallel', parallel_workers=4, event_handlers=None, ignore_user_meta=False, metas=['./colcon.meta'], base_paths=['.'], packages_ignore=None, packages_ignore_regex=None, paths=None, packages_up_to=None, packages_up_to_regex=None, packages_above=None, packages_above_and_dependencies=None, packages_above_depth=None, packages_select_by_dep=None, packages_skip_by_dep=None, packages_skip_up_to=None, packages_select_build_failed=False, packages_skip_build_finished=False, packages_select_test_failures=False, packages_skip_test_passed=False, packages_select=None, packages_skip=None, packages_select_regex=None, packages_skip_regex=None, packages_start=None, packages_end=None, allow_overriding=[], cmake_args=None, cmake_target=None, cmake_target_skip_unavailable=False, cmake_clean_cache=False, cmake_clean_first=False, cmake_force_configure=False, ament_cmake_args=None, catkin_cmake_args=None, catkin_skip_building_tests=False, verb_parser=<colcon_defaults.argument_parser.defaults.DefaultArgumentsDecorator object at 0xffff8df3f3a0>, verb_extension=<colcon_core.verb.build.BuildVerb object at 0xffff8e250d60>, main=<bound method BuildVerb.main of <colcon_core.verb.build.BuildVerb object at 0xffff8e250d60>>)
[4.923s] Level 1:colcon.colcon_core.package_discovery:discover_packages(colcon_meta) check parameters
[4.924s] Level 1:colcon.colcon_core.package_discovery:discover_packages(recursive) check parameters
[4.924s] Level 1:colcon.colcon_core.package_discovery:discover_packages(ignore) check parameters
[4.924s] Level 1:colcon.colcon_core.package_discovery:discover_packages(path) check parameters
[4.924s] Level 1:colcon.colcon_core.package_discovery:discover_packages(colcon_meta) discover
[4.925s] Level 1:colcon.colcon_core.package_discovery:discover_packages(recursive) discover
[4.925s] INFO:colcon.colcon_core.package_discovery:Crawling recursively for packages in '/home/stereocamera/ros2_stereo_camera_analyse'
[4.925s] Level 1:colcon.colcon_core.package_identification:_identify(.) by extensions ['ignore', 'ignore_ament_install']
[4.926s] Level 1:colcon.colcon_core.package_identification:_identify(.) by extension 'ignore'
[4.926s] Level 1:colcon.colcon_core.package_identification:_identify(.) by extension 'ignore_ament_install'
[4.926s] Level 1:colcon.colcon_core.package_identification:_identify(.) by extensions ['colcon_pkg']
[4.927s] Level 1:colcon.colcon_core.package_identification:_identify(.) by extension 'colcon_pkg'
[4.927s] Level 1:colcon.colcon_core.package_identification:_identify(.) by extensions ['colcon_meta']
[4.927s] Level 1:colcon.colcon_core.package_identification:_identify(.) by extension 'colcon_meta'
[4.927s] Level 1:colcon.colcon_core.package_identification:_identify(.) by extensions ['ros']
[4.927s] Level 1:colcon.colcon_core.package_identification:_identify(.) by extension 'ros'
[4.974s] Level 1:colcon.colcon_core.package_identification:_identify(.) by extensions ['cmake', 'python']
[4.974s] Level 1:colcon.colcon_core.package_identification:_identify(.) by extension 'cmake'
[4.974s] Level 1:colcon.colcon_core.package_identification:_identify(.) by extension 'python'
[4.974s] Level 1:colcon.colcon_core.package_identification:_identify(.) by extensions ['python_setup_py']
[4.975s] Level 1:colcon.colcon_core.package_identification:_identify(.) by extension 'python_setup_py'
[4.977s] Level 1:colcon.colcon_core.package_identification:_identify(bilder) by extensions ['ignore', 'ignore_ament_install']
[4.977s] Level 1:colcon.colcon_core.package_identification:_identify(bilder) by extension 'ignore'
[4.978s] Level 1:colcon.colcon_core.package_identification:_identify(bilder) by extension 'ignore_ament_install'
[4.978s] Level 1:colcon.colcon_core.package_identification:_identify(bilder) by extensions ['colcon_pkg']
[4.978s] Level 1:colcon.colcon_core.package_identification:_identify(bilder) by extension 'colcon_pkg'
[4.978s] Level 1:colcon.colcon_core.package_identification:_identify(bilder) by extensions ['colcon_meta']
[4.978s] Level 1:colcon.colcon_core.package_identification:_identify(bilder) by extension 'colcon_meta'
[4.979s] Level 1:colcon.colcon_core.package_identification:_identify(bilder) by extensions ['ros']
[4.979s] Level 1:colcon.colcon_core.package_identification:_identify(bilder) by extension 'ros'
[4.979s] Level 1:colcon.colcon_core.package_identification:_identify(bilder) by extensions ['cmake', 'python']
[4.979s] Level 1:colcon.colcon_core.package_identification:_identify(bilder) by extension 'cmake'
[4.979s] Level 1:colcon.colcon_core.package_identification:_identify(bilder) by extension 'python'
[4.980s] Level 1:colcon.colcon_core.package_identification:_identify(bilder) by extensions ['python_setup_py']
[4.980s] Level 1:colcon.colcon_core.package_identification:_identify(bilder) by extension 'python_setup_py'
[4.980s] Level 1:colcon.colcon_core.package_identification:_identify(build) by extensions ['ignore', 'ignore_ament_install']
[4.981s] Level 1:colcon.colcon_core.package_identification:_identify(build) by extension 'ignore'
[4.981s] Level 1:colcon.colcon_core.package_identification:_identify(build) ignored
[4.982s] Level 1:colcon.colcon_core.package_identification:_identify(install) by extensions ['ignore', 'ignore_ament_install']
[4.982s] Level 1:colcon.colcon_core.package_identification:_identify(install) by extension 'ignore'
[4.982s] Level 1:colcon.colcon_core.package_identification:_identify(install) ignored
[4.984s] Level 1:colcon.colcon_core.package_identification:_identify(log) by extensions ['ignore', 'ignore_ament_install']
[4.985s] Level 1:colcon.colcon_core.package_identification:_identify(log) by extension 'ignore'
[4.985s] Level 1:colcon.colcon_core.package_identification:_identify(log) ignored
[4.986s] Level 1:colcon.colcon_core.package_identification:_identify(my_image_processing) by extensions ['ignore', 'ignore_ament_install']
[4.986s] Level 1:colcon.colcon_core.package_identification:_identify(my_image_processing) by extension 'ignore'
[4.986s] Level 1:colcon.colcon_core.package_identification:_identify(my_image_processing) by extension 'ignore_ament_install'
[4.986s] Level 1:colcon.colcon_core.package_identification:_identify(my_image_processing) by extensions ['colcon_pkg']
[4.987s] Level 1:colcon.colcon_core.package_identification:_identify(my_image_processing) by extension 'colcon_pkg'
[4.987s] Level 1:colcon.colcon_core.package_identification:_identify(my_image_processing) by extensions ['colcon_meta']
[4.987s] Level 1:colcon.colcon_core.package_identification:_identify(my_image_processing) by extension 'colcon_meta'
[4.987s] Level 1:colcon.colcon_core.package_identification:_identify(my_image_processing) by extensions ['ros']
[4.987s] Level 1:colcon.colcon_core.package_identification:_identify(my_image_processing) by extension 'ros'
[4.998s] DEBUG:colcon.colcon_core.package_identification:Package 'my_image_processing' with type 'ros.ament_python' and name 'my_image_processing'
[4.998s] Level 1:colcon.colcon_core.package_discovery:discover_packages(recursive) using defaults
[4.999s] Level 1:colcon.colcon_core.package_discovery:discover_packages(ignore) discover
[4.999s] Level 1:colcon.colcon_core.package_discovery:discover_packages(ignore) using defaults
[4.999s] Level 1:colcon.colcon_core.package_discovery:discover_packages(path) discover
[4.999s] Level 1:colcon.colcon_core.package_discovery:discover_packages(path) using defaults
[5.467s] Level 1:colcon.colcon_core.package_discovery:discover_packages(prefix_path) check parameters
[5.467s] Level 1:colcon.colcon_core.package_discovery:discover_packages(prefix_path) discover
[5.708s] DEBUG:colcon.colcon_installed_package_information.package_discovery:Found 1 installed packages in /home/stereocamera/ros2_stereo_camera_analyse/install
[5.779s] DEBUG:colcon.colcon_installed_package_information.package_discovery:Found 1 installed packages in /home/stereocamera/ros2_3D/install
[5.850s] DEBUG:colcon.colcon_installed_package_information.package_discovery:Found 1 installed packages in /home/stereocamera/ros2_gui/install
[5.948s] DEBUG:colcon.colcon_installed_package_information.package_discovery:Found 273 installed packages in /opt/ros/humble
[5.954s] Level 1:colcon.colcon_core.package_discovery:discover_packages(prefix_path) using defaults
[6.359s] Level 5:colcon.colcon_core.verb:set package 'my_image_processing' build argument 'cmake_args' from command line to 'None'
[6.359s] Level 5:colcon.colcon_core.verb:set package 'my_image_processing' build argument 'cmake_target' from command line to 'None'
[6.360s] Level 5:colcon.colcon_core.verb:set package 'my_image_processing' build argument 'cmake_target_skip_unavailable' from command line to 'False'
[6.360s] Level 5:colcon.colcon_core.verb:set package 'my_image_processing' build argument 'cmake_clean_cache' from command line to 'False'
[6.360s] Level 5:colcon.colcon_core.verb:set package 'my_image_processing' build argument 'cmake_clean_first' from command line to 'False'
[6.360s] Level 5:colcon.colcon_core.verb:set package 'my_image_processing' build argument 'cmake_force_configure' from command line to 'False'
[6.360s] Level 5:colcon.colcon_core.verb:set package 'my_image_processing' build argument 'ament_cmake_args' from command line to 'None'
[6.360s] Level 5:colcon.colcon_core.verb:set package 'my_image_processing' build argument 'catkin_cmake_args' from command line to 'None'
[6.360s] Level 5:colcon.colcon_core.verb:set package 'my_image_processing' build argument 'catkin_skip_building_tests' from command line to 'False'
[6.360s] DEBUG:colcon.colcon_core.verb:Building package 'my_image_processing' with the following arguments: {'ament_cmake_args': None, 'build_base': '/home/stereocamera/ros2_stereo_camera_analyse/build/my_image_processing', 'catkin_cmake_args': None, 'catkin_skip_building_tests': False, 'cmake_args': None, 'cmake_clean_cache': False, 'cmake_clean_first': False, 'cmake_force_configure': False, 'cmake_target': None, 'cmake_target_skip_unavailable': False, 'install_base': '/home/stereocamera/ros2_stereo_camera_analyse/install/my_image_processing', 'merge_install': False, 'path': '/home/stereocamera/ros2_stereo_camera_analyse/my_image_processing', 'symlink_install': False, 'test_result_base': None}
[6.424s] INFO:colcon.colcon_core.executor:Executing jobs using 'parallel' executor
[6.492s] DEBUG:colcon.colcon_parallel_executor.executor.parallel:run_until_complete
[6.493s] INFO:colcon.colcon_ros.task.ament_python.build:Building ROS package in '/home/stereocamera/ros2_stereo_camera_analyse/my_image_processing' with build type 'ament_python'
[6.494s] Level 1:colcon.colcon_core.shell:create_environment_hook('my_image_processing', 'ament_prefix_path')
[6.585s] INFO:colcon.colcon_core.plugin_system:Skipping extension 'colcon_core.shell.bat': Not used on non-Windows systems
[6.586s] INFO:colcon.colcon_core.shell:Creating environment hook '/home/stereocamera/ros2_stereo_camera_analyse/install/my_image_processing/share/my_image_processing/hook/ament_prefix_path.ps1'
[6.589s] INFO:colcon.colcon_core.shell:Creating environment descriptor '/home/stereocamera/ros2_stereo_camera_analyse/install/my_image_processing/share/my_image_processing/hook/ament_prefix_path.dsv'
[6.591s] INFO:colcon.colcon_core.shell:Creating environment hook '/home/stereocamera/ros2_stereo_camera_analyse/install/my_image_processing/share/my_image_processing/hook/ament_prefix_path.sh'
[6.691s] INFO:colcon.colcon_core.shell:Skip shell extension 'powershell' for command environment: Not usable outside of PowerShell
[6.692s] DEBUG:colcon.colcon_core.shell:Skip shell extension 'dsv' for command environment
[8.376s] INFO:colcon.colcon_core.task.python.build:Building Python package in '/home/stereocamera/ros2_stereo_camera_analyse/my_image_processing'
[8.454s] INFO:colcon.colcon_core.shell:Skip shell extension 'powershell' for command environment: Not usable outside of PowerShell
[8.454s] DEBUG:colcon.colcon_core.shell:Skip shell extension 'dsv' for command environment
[10.478s] DEBUG:colcon.colcon_core.event_handler.log_command:Invoking command in '/home/stereocamera/ros2_stereo_camera_analyse/my_image_processing': PYTHONPATH=/home/stereocamera/ros2_stereo_camera_analyse/build/my_image_processing/prefix_override:/home/stereocamera/ros2_stereo_camera_analyse/install/my_image_processing/lib/python3.10/site-packages:${PYTHONPATH} /usr/bin/python3 setup.py egg_info --egg-base ../build/my_image_processing build --build-base /home/stereocamera/ros2_stereo_camera_analyse/build/my_image_processing/build install --record /home/stereocamera/ros2_stereo_camera_analyse/build/my_image_processing/install.log --single-version-externally-managed
[12.038s] DEBUG:colcon.colcon_core.event_handler.log_command:Invoked command in '/home/stereocamera/ros2_stereo_camera_analyse/my_image_processing' returned '0': PYTHONPATH=/home/stereocamera/ros2_stereo_camera_analyse/build/my_image_processing/prefix_override:/home/stereocamera/ros2_stereo_camera_analyse/install/my_image_processing/lib/python3.10/site-packages:${PYTHONPATH} /usr/bin/python3 setup.py egg_info --egg-base ../build/my_image_processing build --build-base /home/stereocamera/ros2_stereo_camera_analyse/build/my_image_processing/build install --record /home/stereocamera/ros2_stereo_camera_analyse/build/my_image_processing/install.log --single-version-externally-managed
[12.263s] Level 1:colcon.colcon_core.environment:checking '/home/stereocamera/ros2_stereo_camera_analyse/install/my_image_processing' for CMake module files
[12.266s] Level 1:colcon.colcon_core.environment:checking '/home/stereocamera/ros2_stereo_camera_analyse/install/my_image_processing' for CMake config files
[12.271s] Level 1:colcon.colcon_core.environment:checking '/home/stereocamera/ros2_stereo_camera_analyse/install/my_image_processing/lib'
[12.273s] Level 1:colcon.colcon_core.environment:checking '/home/stereocamera/ros2_stereo_camera_analyse/install/my_image_processing/bin'
[12.274s] Level 1:colcon.colcon_core.environment:checking '/home/stereocamera/ros2_stereo_camera_analyse/install/my_image_processing/lib/pkgconfig/my_image_processing.pc'
[12.275s] Level 1:colcon.colcon_core.environment:checking '/home/stereocamera/ros2_stereo_camera_analyse/install/my_image_processing/lib/python3.10/site-packages'
[12.275s] Level 1:colcon.colcon_core.shell:create_environment_hook('my_image_processing', 'pythonpath')
[12.350s] INFO:colcon.colcon_core.shell:Creating environment hook '/home/stereocamera/ros2_stereo_camera_analyse/install/my_image_processing/share/my_image_processing/hook/pythonpath.ps1'
[12.352s] INFO:colcon.colcon_core.shell:Creating environment descriptor '/home/stereocamera/ros2_stereo_camera_analyse/install/my_image_processing/share/my_image_processing/hook/pythonpath.dsv'
[12.354s] INFO:colcon.colcon_core.shell:Creating environment hook '/home/stereocamera/ros2_stereo_camera_analyse/install/my_image_processing/share/my_image_processing/hook/pythonpath.sh'
[12.357s] Level 1:colcon.colcon_core.environment:checking '/home/stereocamera/ros2_stereo_camera_analyse/install/my_image_processing/bin'
[12.357s] Level 1:colcon.colcon_core.environment:create_environment_scripts_only(my_image_processing)
[12.429s] INFO:colcon.colcon_core.shell:Creating package script '/home/stereocamera/ros2_stereo_camera_analyse/install/my_image_processing/share/my_image_processing/package.ps1'
[12.433s] INFO:colcon.colcon_core.shell:Creating package descriptor '/home/stereocamera/ros2_stereo_camera_analyse/install/my_image_processing/share/my_image_processing/package.dsv'
[12.435s] INFO:colcon.colcon_core.shell:Creating package script '/home/stereocamera/ros2_stereo_camera_analyse/install/my_image_processing/share/my_image_processing/package.sh'
[12.439s] INFO:colcon.colcon_core.shell:Creating package script '/home/stereocamera/ros2_stereo_camera_analyse/install/my_image_processing/share/my_image_processing/package.bash'
[12.442s] INFO:colcon.colcon_core.shell:Creating package script '/home/stereocamera/ros2_stereo_camera_analyse/install/my_image_processing/share/my_image_processing/package.zsh'
[12.446s] Level 1:colcon.colcon_core.environment:create_file_with_runtime_dependencies(/home/stereocamera/ros2_stereo_camera_analyse/install/my_image_processing/share/colcon-core/packages/my_image_processing)
[12.448s] DEBUG:colcon.colcon_parallel_executor.executor.parallel:closing loop
[12.449s] DEBUG:colcon.colcon_parallel_executor.executor.parallel:loop closed
[12.449s] DEBUG:colcon.colcon_parallel_executor.executor.parallel:run_until_complete finished with '0'
[12.450s] DEBUG:colcon.colcon_core.event_reactor:joining thread
[12.568s] INFO:colcon.colcon_core.plugin_system:Skipping extension 'colcon_notification.desktop_notification.terminal_notifier': Not used on non-Darwin systems
[12.569s] INFO:colcon.colcon_core.plugin_system:Skipping extension 'colcon_notification.desktop_notification.win32': Not used on non-Windows systems
[12.569s] INFO:colcon.colcon_notification.desktop_notification:Sending desktop notification using 'notify2'
[12.622s] DEBUG:colcon.colcon_core.event_reactor:joined thread
[12.732s] INFO:colcon.colcon_core.shell:Creating prefix script '/home/stereocamera/ros2_stereo_camera_analyse/install/local_setup.ps1'
[12.738s] INFO:colcon.colcon_core.shell:Creating prefix util module '/home/stereocamera/ros2_stereo_camera_analyse/install/_local_setup_util_ps1.py'
[12.745s] INFO:colcon.colcon_core.shell:Creating prefix chain script '/home/stereocamera/ros2_stereo_camera_analyse/install/setup.ps1'
[12.839s] INFO:colcon.colcon_core.shell:Creating prefix script '/home/stereocamera/ros2_stereo_camera_analyse/install/local_setup.sh'
[12.842s] INFO:colcon.colcon_core.shell:Creating prefix util module '/home/stereocamera/ros2_stereo_camera_analyse/install/_local_setup_util_sh.py'
[12.844s] INFO:colcon.colcon_core.shell:Creating prefix chain script '/home/stereocamera/ros2_stereo_camera_analyse/install/setup.sh'
[12.916s] INFO:colcon.colcon_core.shell:Creating prefix script '/home/stereocamera/ros2_stereo_camera_analyse/install/local_setup.bash'
[12.919s] INFO:colcon.colcon_core.shell:Creating prefix chain script '/home/stereocamera/ros2_stereo_camera_analyse/install/setup.bash'
[13.004s] INFO:colcon.colcon_core.shell:Creating prefix script '/home/stereocamera/ros2_stereo_camera_analyse/install/local_setup.zsh'
[13.006s] INFO:colcon.colcon_core.shell:Creating prefix chain script '/home/stereocamera/ros2_stereo_camera_analyse/install/setup.zsh'
