[4.298s] DEBUG:colcon:Command line arguments: ['/usr/bin/colcon', 'build']
[4.298s] DEBUG:colcon:Parsed command line arguments: Namespace(log_base=None, log_level=None, verb_name='build', build_base='build', install_base='install', merge_install=False, symlink_install=False, test_result_base=None, continue_on_error=False, executor='parallel', parallel_workers=4, event_handlers=None, ignore_user_meta=False, metas=['./colcon.meta'], base_paths=['.'], packages_ignore=None, packages_ignore_regex=None, paths=None, packages_up_to=None, packages_up_to_regex=None, packages_above=None, packages_above_and_dependencies=None, packages_above_depth=None, packages_select_by_dep=None, packages_skip_by_dep=None, packages_skip_up_to=None, packages_select_build_failed=False, packages_skip_build_finished=False, packages_select_test_failures=False, packages_skip_test_passed=False, packages_select=None, packages_skip=None, packages_select_regex=None, packages_skip_regex=None, packages_start=None, packages_end=None, allow_overriding=[], cmake_args=None, cmake_target=None, cmake_target_skip_unavailable=False, cmake_clean_cache=False, cmake_clean_first=False, cmake_force_configure=False, ament_cmake_args=None, catkin_cmake_args=None, catkin_skip_building_tests=False, verb_parser=<colcon_defaults.argument_parser.defaults.DefaultArgumentsDecorator object at 0xffffb8990550>, verb_extension=<colcon_core.verb.build.BuildVerb object at 0xffffb8c48670>, main=<bound method BuildVerb.main of <colcon_core.verb.build.BuildVerb object at 0xffffb8c48670>>)
[4.495s] Level 1:colcon.colcon_core.package_discovery:discover_packages(colcon_meta) check parameters
[4.496s] Level 1:colcon.colcon_core.package_discovery:discover_packages(recursive) check parameters
[4.496s] Level 1:colcon.colcon_core.package_discovery:discover_packages(ignore) check parameters
[4.496s] Level 1:colcon.colcon_core.package_discovery:discover_packages(path) check parameters
[4.496s] Level 1:colcon.colcon_core.package_discovery:discover_packages(colcon_meta) discover
[4.496s] Level 1:colcon.colcon_core.package_discovery:discover_packages(recursive) discover
[4.497s] INFO:colcon.colcon_core.package_discovery:Crawling recursively for packages in '/home/stereocamera/ros2_stereo_camera_analyse'
[4.497s] Level 1:colcon.colcon_core.package_identification:_identify(.) by extensions ['ignore', 'ignore_ament_install']
[4.497s] Level 1:colcon.colcon_core.package_identification:_identify(.) by extension 'ignore'
[4.498s] Level 1:colcon.colcon_core.package_identification:_identify(.) by extension 'ignore_ament_install'
[4.498s] Level 1:colcon.colcon_core.package_identification:_identify(.) by extensions ['colcon_pkg']
[4.498s] Level 1:colcon.colcon_core.package_identification:_identify(.) by extension 'colcon_pkg'
[4.498s] Level 1:colcon.colcon_core.package_identification:_identify(.) by extensions ['colcon_meta']
[4.498s] Level 1:colcon.colcon_core.package_identification:_identify(.) by extension 'colcon_meta'
[4.499s] Level 1:colcon.colcon_core.package_identification:_identify(.) by extensions ['ros']
[4.499s] Level 1:colcon.colcon_core.package_identification:_identify(.) by extension 'ros'
[4.548s] Level 1:colcon.colcon_core.package_identification:_identify(.) by extensions ['cmake', 'python']
[4.548s] Level 1:colcon.colcon_core.package_identification:_identify(.) by extension 'cmake'
[4.548s] Level 1:colcon.colcon_core.package_identification:_identify(.) by extension 'python'
[4.548s] Level 1:colcon.colcon_core.package_identification:_identify(.) by extensions ['python_setup_py']
[4.549s] Level 1:colcon.colcon_core.package_identification:_identify(.) by extension 'python_setup_py'
[4.551s] Level 1:colcon.colcon_core.package_identification:_identify(bilder) by extensions ['ignore', 'ignore_ament_install']
[4.551s] Level 1:colcon.colcon_core.package_identification:_identify(bilder) by extension 'ignore'
[4.552s] Level 1:colcon.colcon_core.package_identification:_identify(bilder) by extension 'ignore_ament_install'
[4.552s] Level 1:colcon.colcon_core.package_identification:_identify(bilder) by extensions ['colcon_pkg']
[4.552s] Level 1:colcon.colcon_core.package_identification:_identify(bilder) by extension 'colcon_pkg'
[4.552s] Level 1:colcon.colcon_core.package_identification:_identify(bilder) by extensions ['colcon_meta']
[4.552s] Level 1:colcon.colcon_core.package_identification:_identify(bilder) by extension 'colcon_meta'
[4.553s] Level 1:colcon.colcon_core.package_identification:_identify(bilder) by extensions ['ros']
[4.553s] Level 1:colcon.colcon_core.package_identification:_identify(bilder) by extension 'ros'
[4.553s] Level 1:colcon.colcon_core.package_identification:_identify(bilder) by extensions ['cmake', 'python']
[4.553s] Level 1:colcon.colcon_core.package_identification:_identify(bilder) by extension 'cmake'
[4.553s] Level 1:colcon.colcon_core.package_identification:_identify(bilder) by extension 'python'
[4.554s] Level 1:colcon.colcon_core.package_identification:_identify(bilder) by extensions ['python_setup_py']
[4.554s] Level 1:colcon.colcon_core.package_identification:_identify(bilder) by extension 'python_setup_py'
[4.554s] Level 1:colcon.colcon_core.package_identification:_identify(build) by extensions ['ignore', 'ignore_ament_install']
[4.555s] Level 1:colcon.colcon_core.package_identification:_identify(build) by extension 'ignore'
[4.555s] Level 1:colcon.colcon_core.package_identification:_identify(build) ignored
[4.555s] Level 1:colcon.colcon_core.package_identification:_identify(install) by extensions ['ignore', 'ignore_ament_install']
[4.556s] Level 1:colcon.colcon_core.package_identification:_identify(install) by extension 'ignore'
[4.556s] Level 1:colcon.colcon_core.package_identification:_identify(install) ignored
[4.558s] Level 1:colcon.colcon_core.package_identification:_identify(log) by extensions ['ignore', 'ignore_ament_install']
[4.558s] Level 1:colcon.colcon_core.package_identification:_identify(log) by extension 'ignore'
[4.558s] Level 1:colcon.colcon_core.package_identification:_identify(log) ignored
[4.559s] Level 1:colcon.colcon_core.package_identification:_identify(my_image_processing) by extensions ['ignore', 'ignore_ament_install']
[4.559s] Level 1:colcon.colcon_core.package_identification:_identify(my_image_processing) by extension 'ignore'
[4.559s] Level 1:colcon.colcon_core.package_identification:_identify(my_image_processing) by extension 'ignore_ament_install'
[4.560s] Level 1:colcon.colcon_core.package_identification:_identify(my_image_processing) by extensions ['colcon_pkg']
[4.560s] Level 1:colcon.colcon_core.package_identification:_identify(my_image_processing) by extension 'colcon_pkg'
[4.560s] Level 1:colcon.colcon_core.package_identification:_identify(my_image_processing) by extensions ['colcon_meta']
[4.560s] Level 1:colcon.colcon_core.package_identification:_identify(my_image_processing) by extension 'colcon_meta'
[4.560s] Level 1:colcon.colcon_core.package_identification:_identify(my_image_processing) by extensions ['ros']
[4.560s] Level 1:colcon.colcon_core.package_identification:_identify(my_image_processing) by extension 'ros'
[4.573s] DEBUG:colcon.colcon_core.package_identification:Package 'my_image_processing' with type 'ros.ament_python' and name 'my_image_processing'
[4.574s] Level 1:colcon.colcon_core.package_discovery:discover_packages(recursive) using defaults
[4.574s] Level 1:colcon.colcon_core.package_discovery:discover_packages(ignore) discover
[4.574s] Level 1:colcon.colcon_core.package_discovery:discover_packages(ignore) using defaults
[4.574s] Level 1:colcon.colcon_core.package_discovery:discover_packages(path) discover
[4.574s] Level 1:colcon.colcon_core.package_discovery:discover_packages(path) using defaults
[4.950s] Level 1:colcon.colcon_core.package_discovery:discover_packages(prefix_path) check parameters
[4.950s] Level 1:colcon.colcon_core.package_discovery:discover_packages(prefix_path) discover
[5.081s] DEBUG:colcon.colcon_installed_package_information.package_discovery:Found 273 installed packages in /opt/ros/humble
[5.087s] Level 1:colcon.colcon_core.package_discovery:discover_packages(prefix_path) using defaults
[5.482s] Level 5:colcon.colcon_core.verb:set package 'my_image_processing' build argument 'cmake_args' from command line to 'None'
[5.483s] Level 5:colcon.colcon_core.verb:set package 'my_image_processing' build argument 'cmake_target' from command line to 'None'
[5.483s] Level 5:colcon.colcon_core.verb:set package 'my_image_processing' build argument 'cmake_target_skip_unavailable' from command line to 'False'
[5.483s] Level 5:colcon.colcon_core.verb:set package 'my_image_processing' build argument 'cmake_clean_cache' from command line to 'False'
[5.483s] Level 5:colcon.colcon_core.verb:set package 'my_image_processing' build argument 'cmake_clean_first' from command line to 'False'
[5.483s] Level 5:colcon.colcon_core.verb:set package 'my_image_processing' build argument 'cmake_force_configure' from command line to 'False'
[5.483s] Level 5:colcon.colcon_core.verb:set package 'my_image_processing' build argument 'ament_cmake_args' from command line to 'None'
[5.483s] Level 5:colcon.colcon_core.verb:set package 'my_image_processing' build argument 'catkin_cmake_args' from command line to 'None'
[5.483s] Level 5:colcon.colcon_core.verb:set package 'my_image_processing' build argument 'catkin_skip_building_tests' from command line to 'False'
[5.483s] DEBUG:colcon.colcon_core.verb:Building package 'my_image_processing' with the following arguments: {'ament_cmake_args': None, 'build_base': '/home/stereocamera/ros2_stereo_camera_analyse/build/my_image_processing', 'catkin_cmake_args': None, 'catkin_skip_building_tests': False, 'cmake_args': None, 'cmake_clean_cache': False, 'cmake_clean_first': False, 'cmake_force_configure': False, 'cmake_target': None, 'cmake_target_skip_unavailable': False, 'install_base': '/home/stereocamera/ros2_stereo_camera_analyse/install/my_image_processing', 'merge_install': False, 'path': '/home/stereocamera/ros2_stereo_camera_analyse/my_image_processing', 'symlink_install': False, 'test_result_base': None}
[5.543s] INFO:colcon.colcon_core.executor:Executing jobs using 'parallel' executor
[5.604s] DEBUG:colcon.colcon_parallel_executor.executor.parallel:run_until_complete
[5.605s] INFO:colcon.colcon_ros.task.ament_python.build:Building ROS package in '/home/stereocamera/ros2_stereo_camera_analyse/my_image_processing' with build type 'ament_python'
[5.606s] Level 1:colcon.colcon_core.shell:create_environment_hook('my_image_processing', 'ament_prefix_path')
[5.681s] INFO:colcon.colcon_core.plugin_system:Skipping extension 'colcon_core.shell.bat': Not used on non-Windows systems
[5.682s] INFO:colcon.colcon_core.shell:Creating environment hook '/home/stereocamera/ros2_stereo_camera_analyse/install/my_image_processing/share/my_image_processing/hook/ament_prefix_path.ps1'
[5.685s] INFO:colcon.colcon_core.shell:Creating environment descriptor '/home/stereocamera/ros2_stereo_camera_analyse/install/my_image_processing/share/my_image_processing/hook/ament_prefix_path.dsv'
[5.687s] INFO:colcon.colcon_core.shell:Creating environment hook '/home/stereocamera/ros2_stereo_camera_analyse/install/my_image_processing/share/my_image_processing/hook/ament_prefix_path.sh'
[5.758s] INFO:colcon.colcon_core.shell:Skip shell extension 'powershell' for command environment: Not usable outside of PowerShell
[5.758s] DEBUG:colcon.colcon_core.shell:Skip shell extension 'dsv' for command environment
[7.144s] INFO:colcon.colcon_core.task.python.build:Building Python package in '/home/stereocamera/ros2_stereo_camera_analyse/my_image_processing'
[7.210s] INFO:colcon.colcon_core.shell:Skip shell extension 'powershell' for command environment: Not usable outside of PowerShell
[7.210s] DEBUG:colcon.colcon_core.shell:Skip shell extension 'dsv' for command environment
[8.927s] DEBUG:colcon.colcon_core.event_handler.log_command:Invoking command in '/home/stereocamera/ros2_stereo_camera_analyse/my_image_processing': PYTHONPATH=/home/stereocamera/ros2_stereo_camera_analyse/build/my_image_processing/prefix_override:/home/stereocamera/ros2_stereo_camera_analyse/install/my_image_processing/lib/python3.10/site-packages:${PYTHONPATH} /usr/bin/python3 setup.py egg_info --egg-base ../build/my_image_processing build --build-base /home/stereocamera/ros2_stereo_camera_analyse/build/my_image_processing/build install --record /home/stereocamera/ros2_stereo_camera_analyse/build/my_image_processing/install.log --single-version-externally-managed
[10.324s] DEBUG:colcon.colcon_core.event_handler.log_command:Invoked command in '/home/stereocamera/ros2_stereo_camera_analyse/my_image_processing' returned '0': PYTHONPATH=/home/stereocamera/ros2_stereo_camera_analyse/build/my_image_processing/prefix_override:/home/stereocamera/ros2_stereo_camera_analyse/install/my_image_processing/lib/python3.10/site-packages:${PYTHONPATH} /usr/bin/python3 setup.py egg_info --egg-base ../build/my_image_processing build --build-base /home/stereocamera/ros2_stereo_camera_analyse/build/my_image_processing/build install --record /home/stereocamera/ros2_stereo_camera_analyse/build/my_image_processing/install.log --single-version-externally-managed
[10.401s] Level 1:colcon.colcon_core.environment:checking '/home/stereocamera/ros2_stereo_camera_analyse/install/my_image_processing' for CMake module files
[10.404s] Level 1:colcon.colcon_core.environment:checking '/home/stereocamera/ros2_stereo_camera_analyse/install/my_image_processing' for CMake config files
[10.408s] Level 1:colcon.colcon_core.environment:checking '/home/stereocamera/ros2_stereo_camera_analyse/install/my_image_processing/lib'
[10.408s] Level 1:colcon.colcon_core.environment:checking '/home/stereocamera/ros2_stereo_camera_analyse/install/my_image_processing/bin'
[10.409s] Level 1:colcon.colcon_core.environment:checking '/home/stereocamera/ros2_stereo_camera_analyse/install/my_image_processing/lib/pkgconfig/my_image_processing.pc'
[10.410s] Level 1:colcon.colcon_core.environment:checking '/home/stereocamera/ros2_stereo_camera_analyse/install/my_image_processing/lib/python3.10/site-packages'
[10.410s] Level 1:colcon.colcon_core.shell:create_environment_hook('my_image_processing', 'pythonpath')
[10.473s] INFO:colcon.colcon_core.shell:Creating environment hook '/home/stereocamera/ros2_stereo_camera_analyse/install/my_image_processing/share/my_image_processing/hook/pythonpath.ps1'
[10.475s] INFO:colcon.colcon_core.shell:Creating environment descriptor '/home/stereocamera/ros2_stereo_camera_analyse/install/my_image_processing/share/my_image_processing/hook/pythonpath.dsv'
[10.477s] INFO:colcon.colcon_core.shell:Creating environment hook '/home/stereocamera/ros2_stereo_camera_analyse/install/my_image_processing/share/my_image_processing/hook/pythonpath.sh'
[10.480s] Level 1:colcon.colcon_core.environment:checking '/home/stereocamera/ros2_stereo_camera_analyse/install/my_image_processing/bin'
[10.481s] Level 1:colcon.colcon_core.environment:create_environment_scripts_only(my_image_processing)
[10.541s] INFO:colcon.colcon_core.shell:Creating package script '/home/stereocamera/ros2_stereo_camera_analyse/install/my_image_processing/share/my_image_processing/package.ps1'
[10.545s] INFO:colcon.colcon_core.shell:Creating package descriptor '/home/stereocamera/ros2_stereo_camera_analyse/install/my_image_processing/share/my_image_processing/package.dsv'
[10.548s] INFO:colcon.colcon_core.shell:Creating package script '/home/stereocamera/ros2_stereo_camera_analyse/install/my_image_processing/share/my_image_processing/package.sh'
[10.551s] INFO:colcon.colcon_core.shell:Creating package script '/home/stereocamera/ros2_stereo_camera_analyse/install/my_image_processing/share/my_image_processing/package.bash'
[10.555s] INFO:colcon.colcon_core.shell:Creating package script '/home/stereocamera/ros2_stereo_camera_analyse/install/my_image_processing/share/my_image_processing/package.zsh'
[10.558s] Level 1:colcon.colcon_core.environment:create_file_with_runtime_dependencies(/home/stereocamera/ros2_stereo_camera_analyse/install/my_image_processing/share/colcon-core/packages/my_image_processing)
[10.559s] DEBUG:colcon.colcon_parallel_executor.executor.parallel:closing loop
[10.560s] DEBUG:colcon.colcon_parallel_executor.executor.parallel:loop closed
[10.561s] DEBUG:colcon.colcon_parallel_executor.executor.parallel:run_until_complete finished with '0'
[10.561s] DEBUG:colcon.colcon_core.event_reactor:joining thread
[10.651s] INFO:colcon.colcon_core.plugin_system:Skipping extension 'colcon_notification.desktop_notification.terminal_notifier': Not used on non-Darwin systems
[10.651s] INFO:colcon.colcon_core.plugin_system:Skipping extension 'colcon_notification.desktop_notification.win32': Not used on non-Windows systems
[10.651s] INFO:colcon.colcon_notification.desktop_notification:Sending desktop notification using 'notify2'
[10.703s] DEBUG:colcon.colcon_core.event_reactor:joined thread
[10.789s] INFO:colcon.colcon_core.shell:Creating prefix script '/home/stereocamera/ros2_stereo_camera_analyse/install/local_setup.ps1'
[10.793s] INFO:colcon.colcon_core.shell:Creating prefix util module '/home/stereocamera/ros2_stereo_camera_analyse/install/_local_setup_util_ps1.py'
[10.800s] INFO:colcon.colcon_core.shell:Creating prefix chain script '/home/stereocamera/ros2_stereo_camera_analyse/install/setup.ps1'
[10.872s] INFO:colcon.colcon_core.shell:Creating prefix script '/home/stereocamera/ros2_stereo_camera_analyse/install/local_setup.sh'
[10.875s] INFO:colcon.colcon_core.shell:Creating prefix util module '/home/stereocamera/ros2_stereo_camera_analyse/install/_local_setup_util_sh.py'
[10.877s] INFO:colcon.colcon_core.shell:Creating prefix chain script '/home/stereocamera/ros2_stereo_camera_analyse/install/setup.sh'
[10.945s] INFO:colcon.colcon_core.shell:Creating prefix script '/home/stereocamera/ros2_stereo_camera_analyse/install/local_setup.bash'
[10.948s] INFO:colcon.colcon_core.shell:Creating prefix chain script '/home/stereocamera/ros2_stereo_camera_analyse/install/setup.bash'
[11.010s] INFO:colcon.colcon_core.shell:Creating prefix script '/home/stereocamera/ros2_stereo_camera_analyse/install/local_setup.zsh'
[11.012s] INFO:colcon.colcon_core.shell:Creating prefix chain script '/home/stereocamera/ros2_stereo_camera_analyse/install/setup.zsh'
