[4.282s] Invoking command in '/home/niklas/ros2-stereo-camera-analyse/my_image_processing': PYTHONPATH=/home/niklas/ros2-stereo-camera-analyse/build/my_image_processing/prefix_override:/home/niklas/ros2-stereo-camera-analyse/install/my_image_processing/lib/python3.10/site-packages:${PYTHONPATH} /usr/bin/python3 setup.py egg_info --egg-base ../build/my_image_processing build --build-base /home/niklas/ros2-stereo-camera-analyse/build/my_image_processing/build install --record /home/niklas/ros2-stereo-camera-analyse/build/my_image_processing/install.log --single-version-externally-managed
[5.669s] running egg_info
[5.680s] writing ../build/my_image_processing/my_image_processing.egg-info/PKG-INFO
[5.680s] writing dependency_links to ../build/my_image_processing/my_image_processing.egg-info/dependency_links.txt
[5.681s] writing entry points to ../build/my_image_processing/my_image_processing.egg-info/entry_points.txt
[5.681s] writing requirements to ../build/my_image_processing/my_image_processing.egg-info/requires.txt
[5.681s] writing top-level names to ../build/my_image_processing/my_image_processing.egg-info/top_level.txt
[5.688s] reading manifest file '../build/my_image_processing/my_image_processing.egg-info/SOURCES.txt'
[5.693s] writing manifest file '../build/my_image_processing/my_image_processing.egg-info/SOURCES.txt'
[5.694s] running build
[5.694s] running build_py
[5.696s] copying my_image_processing/bildverarbeitung.py -> /home/niklas/ros2-stereo-camera-analyse/build/my_image_processing/build/lib/my_image_processing
[5.698s] running install
[5.699s] running install_lib
[5.705s] copying /home/niklas/ros2-stereo-camera-analyse/build/my_image_processing/build/lib/my_image_processing/bildverarbeitung.py -> /home/niklas/ros2-stereo-camera-analyse/install/my_image_processing/lib/python3.10/site-packages/my_image_processing
[5.708s] byte-compiling /home/niklas/ros2-stereo-camera-analyse/install/my_image_processing/lib/python3.10/site-packages/my_image_processing/bildverarbeitung.py to bildverarbeitung.cpython-310.pyc
[5.716s] running install_data
[5.719s] running install_egg_info
[5.725s] removing '/home/niklas/ros2-stereo-camera-analyse/install/my_image_processing/lib/python3.10/site-packages/my_image_processing-0.0.0-py3.10.egg-info' (and everything under it)
[5.727s] Copying ../build/my_image_processing/my_image_processing.egg-info to /home/niklas/ros2-stereo-camera-analyse/install/my_image_processing/lib/python3.10/site-packages/my_image_processing-0.0.0-py3.10.egg-info
[5.734s] running install_scripts
[5.816s] Installing image_node script to /home/niklas/ros2-stereo-camera-analyse/install/my_image_processing/lib/my_image_processing
[5.818s] writing list of installed files to '/home/niklas/ros2-stereo-camera-analyse/build/my_image_processing/install.log'
[5.963s] Invoked command in '/home/niklas/ros2-stereo-camera-analyse/my_image_processing' returned '0': PYTHONPATH=/home/niklas/ros2-stereo-camera-analyse/build/my_image_processing/prefix_override:/home/niklas/ros2-stereo-camera-analyse/install/my_image_processing/lib/python3.10/site-packages:${PYTHONPATH} /usr/bin/python3 setup.py egg_info --egg-base ../build/my_image_processing build --build-base /home/niklas/ros2-stereo-camera-analyse/build/my_image_processing/build install --record /home/niklas/ros2-stereo-camera-analyse/build/my_image_processing/install.log --single-version-externally-managed
