[5.524s] Invoking command in '/home/stereocamera/ros2_stereo_camera_analyse/my_image_processing': PYTHONPATH=/home/stereocamera/ros2_stereo_camera_analyse/build/my_image_processing/prefix_override:/home/stereocamera/ros2_stereo_camera_analyse/install/my_image_processing/lib/python3.10/site-packages:${PYTHONPATH} /usr/bin/python3 setup.py egg_info --egg-base ../build/my_image_processing build --build-base /home/stereocamera/ros2_stereo_camera_analyse/build/my_image_processing/build install --record /home/stereocamera/ros2_stereo_camera_analyse/build/my_image_processing/install.log --single-version-externally-managed
[9.680s] running egg_info
[9.685s] writing ../build/my_image_processing/my_image_processing.egg-info/PKG-INFO
[9.692s] writing dependency_links to ../build/my_image_processing/my_image_processing.egg-info/dependency_links.txt
[9.696s] writing entry points to ../build/my_image_processing/my_image_processing.egg-info/entry_points.txt
[9.700s] writing requirements to ../build/my_image_processing/my_image_processing.egg-info/requires.txt
[9.706s] writing top-level names to ../build/my_image_processing/my_image_processing.egg-info/top_level.txt
[9.714s] reading manifest file '../build/my_image_processing/my_image_processing.egg-info/SOURCES.txt'
[9.728s] writing manifest file '../build/my_image_processing/my_image_processing.egg-info/SOURCES.txt'
[9.736s] running build
[9.738s] running build_py
[9.747s] copying my_image_processing/my_node.py -> /home/stereocamera/ros2_stereo_camera_analyse/build/my_image_processing/build/lib/my_image_processing
[9.756s] running install
[9.768s] running install_lib
[9.773s] copying /home/stereocamera/ros2_stereo_camera_analyse/build/my_image_processing/build/lib/my_image_processing/my_node.py -> /home/stereocamera/ros2_stereo_camera_analyse/install/my_image_processing/lib/python3.10/site-packages/my_image_processing
[9.774s] byte-compiling /home/stereocamera/ros2_stereo_camera_analyse/install/my_image_processing/lib/python3.10/site-packages/my_image_processing/my_node.py to my_node.cpython-310.pyc
[9.778s] running install_data
[9.779s] running install_egg_info
[9.782s] removing '/home/stereocamera/ros2_stereo_camera_analyse/install/my_image_processing/lib/python3.10/site-packages/my_image_processing-0.0.0-py3.10.egg-info' (and everything under it)
[9.788s] Copying ../build/my_image_processing/my_image_processing.egg-info to /home/stereocamera/ros2_stereo_camera_analyse/install/my_image_processing/lib/python3.10/site-packages/my_image_processing-0.0.0-py3.10.egg-info
[9.812s] running install_scripts
[9.954s] Installing image_node script to /home/stereocamera/ros2_stereo_camera_analyse/install/my_image_processing/lib/my_image_processing
[9.957s] writing list of installed files to '/home/stereocamera/ros2_stereo_camera_analyse/build/my_image_processing/install.log'
[10.189s] Invoked command in '/home/stereocamera/ros2_stereo_camera_analyse/my_image_processing' returned '0': PYTHONPATH=/home/stereocamera/ros2_stereo_camera_analyse/build/my_image_processing/prefix_override:/home/stereocamera/ros2_stereo_camera_analyse/install/my_image_processing/lib/python3.10/site-packages:${PYTHONPATH} /usr/bin/python3 setup.py egg_info --egg-base ../build/my_image_processing build --build-base /home/stereocamera/ros2_stereo_camera_analyse/build/my_image_processing/build install --record /home/stereocamera/ros2_stereo_camera_analyse/build/my_image_processing/install.log --single-version-externally-managed
