running egg_info
creating ../build/my_image_processing/my_image_processing.egg-info
writing ../build/my_image_processing/my_image_processing.egg-info/PKG-INFO
writing dependency_links to ../build/my_image_processing/my_image_processing.egg-info/dependency_links.txt
writing entry points to ../build/my_image_processing/my_image_processing.egg-info/entry_points.txt
writing requirements to ../build/my_image_processing/my_image_processing.egg-info/requires.txt
writing top-level names to ../build/my_image_processing/my_image_processing.egg-info/top_level.txt
writing manifest file '../build/my_image_processing/my_image_processing.egg-info/SOURCES.txt'
reading manifest file '../build/my_image_processing/my_image_processing.egg-info/SOURCES.txt'
writing manifest file '../build/my_image_processing/my_image_processing.egg-info/SOURCES.txt'
running build
running build_py
creating /home/niklas/ros2-stereo-camera-analyse/build/my_image_processing/build
creating /home/niklas/ros2-stereo-camera-analyse/build/my_image_processing/build/lib
creating /home/niklas/ros2-stereo-camera-analyse/build/my_image_processing/build/lib/my_image_processing
copying my_image_processing/my_node.py -> /home/niklas/ros2-stereo-camera-analyse/build/my_image_processing/build/lib/my_image_processing
copying my_image_processing/__init__.py -> /home/niklas/ros2-stereo-camera-analyse/build/my_image_processing/build/lib/my_image_processing
running install
running install_lib
creating /home/niklas/ros2-stereo-camera-analyse/install/my_image_processing/lib/python3.10/site-packages/my_image_processing
copying /home/niklas/ros2-stereo-camera-analyse/build/my_image_processing/build/lib/my_image_processing/my_node.py -> /home/niklas/ros2-stereo-camera-analyse/install/my_image_processing/lib/python3.10/site-packages/my_image_processing
copying /home/niklas/ros2-stereo-camera-analyse/build/my_image_processing/build/lib/my_image_processing/__init__.py -> /home/niklas/ros2-stereo-camera-analyse/install/my_image_processing/lib/python3.10/site-packages/my_image_processing
byte-compiling /home/niklas/ros2-stereo-camera-analyse/install/my_image_processing/lib/python3.10/site-packages/my_image_processing/my_node.py to my_node.cpython-310.pyc
byte-compiling /home/niklas/ros2-stereo-camera-analyse/install/my_image_processing/lib/python3.10/site-packages/my_image_processing/__init__.py to __init__.cpython-310.pyc
running install_data
creating /home/niklas/ros2-stereo-camera-analyse/install/my_image_processing/share/ament_index
creating /home/niklas/ros2-stereo-camera-analyse/install/my_image_processing/share/ament_index/resource_index
creating /home/niklas/ros2-stereo-camera-analyse/install/my_image_processing/share/ament_index/resource_index/packages
copying resource/my_image_processing -> /home/niklas/ros2-stereo-camera-analyse/install/my_image_processing/share/ament_index/resource_index/packages
copying package.xml -> /home/niklas/ros2-stereo-camera-analyse/install/my_image_processing/share/my_image_processing
running install_egg_info
Copying ../build/my_image_processing/my_image_processing.egg-info to /home/niklas/ros2-stereo-camera-analyse/install/my_image_processing/lib/python3.10/site-packages/my_image_processing-0.0.0-py3.10.egg-info
running install_scripts
Installing image_node script to /home/niklas/ros2-stereo-camera-analyse/install/my_image_processing/lib/my_image_processing
writing list of installed files to '/home/niklas/ros2-stereo-camera-analyse/build/my_image_processing/install.log'
