[4.566s] Invoking command in '/home/niklas/ros2-stereo-camera-analyse/my_image_processing': PYTHONPATH=/home/niklas/ros2-stereo-camera-analyse/build/my_image_processing/prefix_override:/home/niklas/ros2-stereo-camera-analyse/install/my_image_processing/lib/python3.10/site-packages:${PYTHONPATH} /usr/bin/python3 setup.py egg_info --egg-base ../build/my_image_processing build --build-base /home/niklas/ros2-stereo-camera-analyse/build/my_image_processing/build install --record /home/niklas/ros2-stereo-camera-analyse/build/my_image_processing/install.log --single-version-externally-managed
[5.916s] running egg_info
[5.919s] creating ../build/my_image_processing/my_image_processing.egg-info
[5.920s] writing ../build/my_image_processing/my_image_processing.egg-info/PKG-INFO
[5.921s] writing dependency_links to ../build/my_image_processing/my_image_processing.egg-info/dependency_links.txt
[5.921s] writing entry points to ../build/my_image_processing/my_image_processing.egg-info/entry_points.txt
[5.922s] writing requirements to ../build/my_image_processing/my_image_processing.egg-info/requires.txt
[5.922s] writing top-level names to ../build/my_image_processing/my_image_processing.egg-info/top_level.txt
[5.923s] writing manifest file '../build/my_image_processing/my_image_processing.egg-info/SOURCES.txt'
[5.931s] reading manifest file '../build/my_image_processing/my_image_processing.egg-info/SOURCES.txt'
[5.934s] writing manifest file '../build/my_image_processing/my_image_processing.egg-info/SOURCES.txt'
[5.935s] running build
[5.935s] running build_py
[5.936s] creating /home/niklas/ros2-stereo-camera-analyse/build/my_image_processing/build
[5.937s] creating /home/niklas/ros2-stereo-camera-analyse/build/my_image_processing/build/lib
[5.937s] creating /home/niklas/ros2-stereo-camera-analyse/build/my_image_processing/build/lib/my_image_processing
[5.938s] copying my_image_processing/my_node.py -> /home/niklas/ros2-stereo-camera-analyse/build/my_image_processing/build/lib/my_image_processing
[5.938s] copying my_image_processing/__init__.py -> /home/niklas/ros2-stereo-camera-analyse/build/my_image_processing/build/lib/my_image_processing
[5.939s] running install
[5.940s] running install_lib
[5.943s] creating /home/niklas/ros2-stereo-camera-analyse/install/my_image_processing/lib/python3.10/site-packages/my_image_processing
[5.943s] copying /home/niklas/ros2-stereo-camera-analyse/build/my_image_processing/build/lib/my_image_processing/my_node.py -> /home/niklas/ros2-stereo-camera-analyse/install/my_image_processing/lib/python3.10/site-packages/my_image_processing
[5.944s] copying /home/niklas/ros2-stereo-camera-analyse/build/my_image_processing/build/lib/my_image_processing/__init__.py -> /home/niklas/ros2-stereo-camera-analyse/install/my_image_processing/lib/python3.10/site-packages/my_image_processing
[5.948s] byte-compiling /home/niklas/ros2-stereo-camera-analyse/install/my_image_processing/lib/python3.10/site-packages/my_image_processing/my_node.py to my_node.cpython-310.pyc
[5.949s] byte-compiling /home/niklas/ros2-stereo-camera-analyse/install/my_image_processing/lib/python3.10/site-packages/my_image_processing/__init__.py to __init__.cpython-310.pyc
[5.950s] running install_data
[5.953s] creating /home/niklas/ros2-stereo-camera-analyse/install/my_image_processing/share/ament_index
[5.954s] creating /home/niklas/ros2-stereo-camera-analyse/install/my_image_processing/share/ament_index/resource_index
[5.954s] creating /home/niklas/ros2-stereo-camera-analyse/install/my_image_processing/share/ament_index/resource_index/packages
[5.955s] copying resource/my_image_processing -> /home/niklas/ros2-stereo-camera-analyse/install/my_image_processing/share/ament_index/resource_index/packages
[5.955s] copying package.xml -> /home/niklas/ros2-stereo-camera-analyse/install/my_image_processing/share/my_image_processing
[5.956s] running install_egg_info
[5.962s] Copying ../build/my_image_processing/my_image_processing.egg-info to /home/niklas/ros2-stereo-camera-analyse/install/my_image_processing/lib/python3.10/site-packages/my_image_processing-0.0.0-py3.10.egg-info
[5.968s] running install_scripts
[6.052s] Installing image_node script to /home/niklas/ros2-stereo-camera-analyse/install/my_image_processing/lib/my_image_processing
[6.053s] writing list of installed files to '/home/niklas/ros2-stereo-camera-analyse/build/my_image_processing/install.log'
[6.201s] Invoked command in '/home/niklas/ros2-stereo-camera-analyse/my_image_processing' returned '0': PYTHONPATH=/home/niklas/ros2-stereo-camera-analyse/build/my_image_processing/prefix_override:/home/niklas/ros2-stereo-camera-analyse/install/my_image_processing/lib/python3.10/site-packages:${PYTHONPATH} /usr/bin/python3 setup.py egg_info --egg-base ../build/my_image_processing build --build-base /home/niklas/ros2-stereo-camera-analyse/build/my_image_processing/build install --record /home/niklas/ros2-stereo-camera-analyse/build/my_image_processing/install.log --single-version-externally-managed
