[11.941s] DEBUG:colcon:Command line arguments: ['/usr/bin/colcon', 'build']
[11.942s] DEBUG:colcon:Parsed command line arguments: Namespace(log_base=None, log_level=None, verb_name='build', build_base='build', install_base='install', merge_install=False, symlink_install=False, test_result_base=None, continue_on_error=False, executor='parallel', parallel_workers=4, event_handlers=None, ignore_user_meta=False, metas=['./colcon.meta'], base_paths=['.'], packages_ignore=None, packages_ignore_regex=None, paths=None, packages_up_to=None, packages_up_to_regex=None, packages_above=None, packages_above_and_dependencies=None, packages_above_depth=None, packages_select_by_dep=None, packages_skip_by_dep=None, packages_skip_up_to=None, packages_select_build_failed=False, packages_skip_build_finished=False, packages_select_test_failures=False, packages_skip_test_passed=False, packages_select=None, packages_skip=None, packages_select_regex=None, packages_skip_regex=None, packages_start=None, packages_end=None, allow_overriding=[], cmake_args=None, cmake_target=None, cmake_target_skip_unavailable=False, cmake_clean_cache=False, cmake_clean_first=False, cmake_force_configure=False, ament_cmake_args=None, catkin_cmake_args=None, catkin_skip_building_tests=False, verb_parser=<colcon_defaults.argument_parser.defaults.DefaultArgumentsDecorator object at 0xffff950bf040>, verb_extension=<colcon_core.verb.build.BuildVerb object at 0xffff9535c1c0>, main=<bound method BuildVerb.main of <colcon_core.verb.build.BuildVerb object at 0xffff9535c1c0>>)
[12.181s] Level 1:colcon.colcon_core.package_discovery:discover_packages(colcon_meta) check parameters
[12.182s] Level 1:colcon.colcon_core.package_discovery:discover_packages(recursive) check parameters
[12.182s] Level 1:colcon.colcon_core.package_discovery:discover_packages(ignore) check parameters
[12.183s] Level 1:colcon.colcon_core.package_discovery:discover_packages(path) check parameters
[12.183s] Level 1:colcon.colcon_core.package_discovery:discover_packages(colcon_meta) discover
[12.183s] Level 1:colcon.colcon_core.package_discovery:discover_packages(recursive) discover
[12.183s] INFO:colcon.colcon_core.package_discovery:Crawling recursively for packages in '/home/niklas/ros2-stereo-camera-analyse'
[12.184s] Level 1:colcon.colcon_core.package_identification:_identify(.) by extensions ['ignore', 'ignore_ament_install']
[12.184s] Level 1:colcon.colcon_core.package_identification:_identify(.) by extension 'ignore'
[12.184s] Level 1:colcon.colcon_core.package_identification:_identify(.) by extension 'ignore_ament_install'
[12.185s] Level 1:colcon.colcon_core.package_identification:_identify(.) by extensions ['colcon_pkg']
[12.185s] Level 1:colcon.colcon_core.package_identification:_identify(.) by extension 'colcon_pkg'
[12.185s] Level 1:colcon.colcon_core.package_identification:_identify(.) by extensions ['colcon_meta']
[12.185s] Level 1:colcon.colcon_core.package_identification:_identify(.) by extension 'colcon_meta'
[12.185s] Level 1:colcon.colcon_core.package_identification:_identify(.) by extensions ['ros']
[12.185s] Level 1:colcon.colcon_core.package_identification:_identify(.) by extension 'ros'
[12.235s] Level 1:colcon.colcon_core.package_identification:_identify(.) by extensions ['cmake', 'python']
[12.235s] Level 1:colcon.colcon_core.package_identification:_identify(.) by extension 'cmake'
[12.235s] Level 1:colcon.colcon_core.package_identification:_identify(.) by extension 'python'
[12.235s] Level 1:colcon.colcon_core.package_identification:_identify(.) by extensions ['python_setup_py']
[12.236s] Level 1:colcon.colcon_core.package_identification:_identify(.) by extension 'python_setup_py'
[12.236s] Level 1:colcon.colcon_core.package_identification:_identify(bilder) by extensions ['ignore', 'ignore_ament_install']
[12.237s] Level 1:colcon.colcon_core.package_identification:_identify(bilder) by extension 'ignore'
[12.238s] Level 1:colcon.colcon_core.package_identification:_identify(bilder) by extension 'ignore_ament_install'
[12.238s] Level 1:colcon.colcon_core.package_identification:_identify(bilder) by extensions ['colcon_pkg']
[12.238s] Level 1:colcon.colcon_core.package_identification:_identify(bilder) by extension 'colcon_pkg'
[12.238s] Level 1:colcon.colcon_core.package_identification:_identify(bilder) by extensions ['colcon_meta']
[12.239s] Level 1:colcon.colcon_core.package_identification:_identify(bilder) by extension 'colcon_meta'
[12.239s] Level 1:colcon.colcon_core.package_identification:_identify(bilder) by extensions ['ros']
[12.239s] Level 1:colcon.colcon_core.package_identification:_identify(bilder) by extension 'ros'
[12.239s] Level 1:colcon.colcon_core.package_identification:_identify(bilder) by extensions ['cmake', 'python']
[12.239s] Level 1:colcon.colcon_core.package_identification:_identify(bilder) by extension 'cmake'
[12.240s] Level 1:colcon.colcon_core.package_identification:_identify(bilder) by extension 'python'
[12.240s] Level 1:colcon.colcon_core.package_identification:_identify(bilder) by extensions ['python_setup_py']
[12.240s] Level 1:colcon.colcon_core.package_identification:_identify(bilder) by extension 'python_setup_py'
[12.240s] Level 1:colcon.colcon_core.package_identification:_identify(build) by extensions ['ignore', 'ignore_ament_install']
[12.241s] Level 1:colcon.colcon_core.package_identification:_identify(build) by extension 'ignore'
[12.241s] Level 1:colcon.colcon_core.package_identification:_identify(build) ignored
[12.242s] Level 1:colcon.colcon_core.package_identification:_identify(install) by extensions ['ignore', 'ignore_ament_install']
[12.242s] Level 1:colcon.colcon_core.package_identification:_identify(install) by extension 'ignore'
[12.242s] Level 1:colcon.colcon_core.package_identification:_identify(install) ignored
[12.244s] Level 1:colcon.colcon_core.package_identification:_identify(log) by extensions ['ignore', 'ignore_ament_install']
[12.245s] Level 1:colcon.colcon_core.package_identification:_identify(log) by extension 'ignore'
[12.245s] Level 1:colcon.colcon_core.package_identification:_identify(log) ignored
[12.245s] Level 1:colcon.colcon_core.package_identification:_identify(my_image_processing) by extensions ['ignore', 'ignore_ament_install']
[12.246s] Level 1:colcon.colcon_core.package_identification:_identify(my_image_processing) by extension 'ignore'
[12.246s] Level 1:colcon.colcon_core.package_identification:_identify(my_image_processing) by extension 'ignore_ament_install'
[12.246s] Level 1:colcon.colcon_core.package_identification:_identify(my_image_processing) by extensions ['colcon_pkg']
[12.247s] Level 1:colcon.colcon_core.package_identification:_identify(my_image_processing) by extension 'colcon_pkg'
[12.247s] Level 1:colcon.colcon_core.package_identification:_identify(my_image_processing) by extensions ['colcon_meta']
[12.247s] Level 1:colcon.colcon_core.package_identification:_identify(my_image_processing) by extension 'colcon_meta'
[12.247s] Level 1:colcon.colcon_core.package_identification:_identify(my_image_processing) by extensions ['ros']
[12.247s] Level 1:colcon.colcon_core.package_identification:_identify(my_image_processing) by extension 'ros'
[12.260s] DEBUG:colcon.colcon_core.package_identification:Package 'my_image_processing' with type 'ros.ament_python' and name 'my_image_processing'
[12.261s] Level 1:colcon.colcon_core.package_identification:_identify(src) by extensions ['ignore', 'ignore_ament_install']
[12.261s] Level 1:colcon.colcon_core.package_identification:_identify(src) by extension 'ignore'
[12.261s] Level 1:colcon.colcon_core.package_identification:_identify(src) by extension 'ignore_ament_install'
[12.262s] Level 1:colcon.colcon_core.package_identification:_identify(src) by extensions ['colcon_pkg']
[12.262s] Level 1:colcon.colcon_core.package_identification:_identify(src) by extension 'colcon_pkg'
[12.262s] Level 1:colcon.colcon_core.package_identification:_identify(src) by extensions ['colcon_meta']
[12.262s] Level 1:colcon.colcon_core.package_identification:_identify(src) by extension 'colcon_meta'
[12.262s] Level 1:colcon.colcon_core.package_identification:_identify(src) by extensions ['ros']
[12.263s] Level 1:colcon.colcon_core.package_identification:_identify(src) by extension 'ros'
[12.263s] Level 1:colcon.colcon_core.package_identification:_identify(src) by extensions ['cmake', 'python']
[12.263s] Level 1:colcon.colcon_core.package_identification:_identify(src) by extension 'cmake'
[12.263s] Level 1:colcon.colcon_core.package_identification:_identify(src) by extension 'python'
[12.264s] Level 1:colcon.colcon_core.package_identification:_identify(src) by extensions ['python_setup_py']
[12.264s] Level 1:colcon.colcon_core.package_identification:_identify(src) by extension 'python_setup_py'
[12.264s] Level 1:colcon.colcon_core.package_discovery:discover_packages(recursive) using defaults
[12.264s] Level 1:colcon.colcon_core.package_discovery:discover_packages(ignore) discover
[12.264s] Level 1:colcon.colcon_core.package_discovery:discover_packages(ignore) using defaults
[12.264s] Level 1:colcon.colcon_core.package_discovery:discover_packages(path) discover
[12.264s] Level 1:colcon.colcon_core.package_discovery:discover_packages(path) using defaults
[12.928s] Level 1:colcon.colcon_core.package_discovery:discover_packages(prefix_path) check parameters
[12.929s] Level 1:colcon.colcon_core.package_discovery:discover_packages(prefix_path) discover
[13.090s] DEBUG:colcon.colcon_installed_package_information.package_discovery:Found 1 installed packages in /home/niklas/ros2-stereo-camera-analyse/install
[13.215s] DEBUG:colcon.colcon_installed_package_information.package_discovery:Found 273 installed packages in /opt/ros/humble
[13.221s] Level 1:colcon.colcon_core.package_discovery:discover_packages(prefix_path) using defaults
[13.668s] Level 5:colcon.colcon_core.verb:set package 'my_image_processing' build argument 'cmake_args' from command line to 'None'
[13.668s] Level 5:colcon.colcon_core.verb:set package 'my_image_processing' build argument 'cmake_target' from command line to 'None'
[13.668s] Level 5:colcon.colcon_core.verb:set package 'my_image_processing' build argument 'cmake_target_skip_unavailable' from command line to 'False'
[13.668s] Level 5:colcon.colcon_core.verb:set package 'my_image_processing' build argument 'cmake_clean_cache' from command line to 'False'
[13.669s] Level 5:colcon.colcon_core.verb:set package 'my_image_processing' build argument 'cmake_clean_first' from command line to 'False'
[13.669s] Level 5:colcon.colcon_core.verb:set package 'my_image_processing' build argument 'cmake_force_configure' from command line to 'False'
[13.669s] Level 5:colcon.colcon_core.verb:set package 'my_image_processing' build argument 'ament_cmake_args' from command line to 'None'
[13.669s] Level 5:colcon.colcon_core.verb:set package 'my_image_processing' build argument 'catkin_cmake_args' from command line to 'None'
[13.669s] Level 5:colcon.colcon_core.verb:set package 'my_image_processing' build argument 'catkin_skip_building_tests' from command line to 'False'
[13.669s] DEBUG:colcon.colcon_core.verb:Building package 'my_image_processing' with the following arguments: {'ament_cmake_args': None, 'build_base': '/home/niklas/ros2-stereo-camera-analyse/build/my_image_processing', 'catkin_cmake_args': None, 'catkin_skip_building_tests': False, 'cmake_args': None, 'cmake_clean_cache': False, 'cmake_clean_first': False, 'cmake_force_configure': False, 'cmake_target': None, 'cmake_target_skip_unavailable': False, 'install_base': '/home/niklas/ros2-stereo-camera-analyse/install/my_image_processing', 'merge_install': False, 'path': '/home/niklas/ros2-stereo-camera-analyse/my_image_processing', 'symlink_install': False, 'test_result_base': None}
[13.746s] INFO:colcon.colcon_core.executor:Executing jobs using 'parallel' executor
[13.829s] DEBUG:colcon.colcon_parallel_executor.executor.parallel:run_until_complete
[13.830s] INFO:colcon.colcon_ros.task.ament_python.build:Building ROS package in '/home/niklas/ros2-stereo-camera-analyse/my_image_processing' with build type 'ament_python'
[13.830s] Level 1:colcon.colcon_core.shell:create_environment_hook('my_image_processing', 'ament_prefix_path')
[13.932s] INFO:colcon.colcon_core.plugin_system:Skipping extension 'colcon_core.shell.bat': Not used on non-Windows systems
[13.934s] INFO:colcon.colcon_core.shell:Creating environment hook '/home/niklas/ros2-stereo-camera-analyse/install/my_image_processing/share/my_image_processing/hook/ament_prefix_path.ps1'
[13.936s] INFO:colcon.colcon_core.shell:Creating environment descriptor '/home/niklas/ros2-stereo-camera-analyse/install/my_image_processing/share/my_image_processing/hook/ament_prefix_path.dsv'
[13.939s] INFO:colcon.colcon_core.shell:Creating environment hook '/home/niklas/ros2-stereo-camera-analyse/install/my_image_processing/share/my_image_processing/hook/ament_prefix_path.sh'
[14.037s] INFO:colcon.colcon_core.shell:Skip shell extension 'powershell' for command environment: Not usable outside of PowerShell
[14.038s] DEBUG:colcon.colcon_core.shell:Skip shell extension 'dsv' for command environment
[15.815s] INFO:colcon.colcon_core.task.python.build:Building Python package in '/home/niklas/ros2-stereo-camera-analyse/my_image_processing'
[15.902s] INFO:colcon.colcon_core.shell:Skip shell extension 'powershell' for command environment: Not usable outside of PowerShell
[15.902s] DEBUG:colcon.colcon_core.shell:Skip shell extension 'dsv' for command environment
[18.135s] DEBUG:colcon.colcon_core.event_handler.log_command:Invoking command in '/home/niklas/ros2-stereo-camera-analyse/my_image_processing': PYTHONPATH=/home/niklas/ros2-stereo-camera-analyse/build/my_image_processing/prefix_override:/home/niklas/ros2-stereo-camera-analyse/install/my_image_processing/lib/python3.10/site-packages:${PYTHONPATH} /usr/bin/python3 setup.py egg_info --egg-base ../build/my_image_processing build --build-base /home/niklas/ros2-stereo-camera-analyse/build/my_image_processing/build install --record /home/niklas/ros2-stereo-camera-analyse/build/my_image_processing/install.log --single-version-externally-managed
[19.794s] DEBUG:colcon.colcon_core.event_handler.log_command:Invoked command in '/home/niklas/ros2-stereo-camera-analyse/my_image_processing' returned '0': PYTHONPATH=/home/niklas/ros2-stereo-camera-analyse/build/my_image_processing/prefix_override:/home/niklas/ros2-stereo-camera-analyse/install/my_image_processing/lib/python3.10/site-packages:${PYTHONPATH} /usr/bin/python3 setup.py egg_info --egg-base ../build/my_image_processing build --build-base /home/niklas/ros2-stereo-camera-analyse/build/my_image_processing/build install --record /home/niklas/ros2-stereo-camera-analyse/build/my_image_processing/install.log --single-version-externally-managed
[19.892s] Level 1:colcon.colcon_core.environment:checking '/home/niklas/ros2-stereo-camera-analyse/install/my_image_processing' for CMake module files
[19.894s] Level 1:colcon.colcon_core.environment:checking '/home/niklas/ros2-stereo-camera-analyse/install/my_image_processing' for CMake config files
[19.899s] Level 1:colcon.colcon_core.environment:checking '/home/niklas/ros2-stereo-camera-analyse/install/my_image_processing/lib'
[19.900s] Level 1:colcon.colcon_core.environment:checking '/home/niklas/ros2-stereo-camera-analyse/install/my_image_processing/bin'
[19.900s] Level 1:colcon.colcon_core.environment:checking '/home/niklas/ros2-stereo-camera-analyse/install/my_image_processing/lib/pkgconfig/my_image_processing.pc'
[19.901s] Level 1:colcon.colcon_core.environment:checking '/home/niklas/ros2-stereo-camera-analyse/install/my_image_processing/lib/python3.10/site-packages'
[19.901s] Level 1:colcon.colcon_core.shell:create_environment_hook('my_image_processing', 'pythonpath')
[19.985s] INFO:colcon.colcon_core.shell:Creating environment hook '/home/niklas/ros2-stereo-camera-analyse/install/my_image_processing/share/my_image_processing/hook/pythonpath.ps1'
[19.987s] INFO:colcon.colcon_core.shell:Creating environment descriptor '/home/niklas/ros2-stereo-camera-analyse/install/my_image_processing/share/my_image_processing/hook/pythonpath.dsv'
[19.989s] INFO:colcon.colcon_core.shell:Creating environment hook '/home/niklas/ros2-stereo-camera-analyse/install/my_image_processing/share/my_image_processing/hook/pythonpath.sh'
[19.992s] Level 1:colcon.colcon_core.environment:checking '/home/niklas/ros2-stereo-camera-analyse/install/my_image_processing/bin'
[19.993s] Level 1:colcon.colcon_core.environment:create_environment_scripts_only(my_image_processing)
[20.075s] INFO:colcon.colcon_core.shell:Creating package script '/home/niklas/ros2-stereo-camera-analyse/install/my_image_processing/share/my_image_processing/package.ps1'
[20.079s] INFO:colcon.colcon_core.shell:Creating package descriptor '/home/niklas/ros2-stereo-camera-analyse/install/my_image_processing/share/my_image_processing/package.dsv'
[20.082s] INFO:colcon.colcon_core.shell:Creating package script '/home/niklas/ros2-stereo-camera-analyse/install/my_image_processing/share/my_image_processing/package.sh'
[20.086s] INFO:colcon.colcon_core.shell:Creating package script '/home/niklas/ros2-stereo-camera-analyse/install/my_image_processing/share/my_image_processing/package.bash'
[20.090s] INFO:colcon.colcon_core.shell:Creating package script '/home/niklas/ros2-stereo-camera-analyse/install/my_image_processing/share/my_image_processing/package.zsh'
[20.093s] Level 1:colcon.colcon_core.environment:create_file_with_runtime_dependencies(/home/niklas/ros2-stereo-camera-analyse/install/my_image_processing/share/colcon-core/packages/my_image_processing)
[20.095s] DEBUG:colcon.colcon_parallel_executor.executor.parallel:closing loop
[20.096s] DEBUG:colcon.colcon_parallel_executor.executor.parallel:loop closed
[20.096s] DEBUG:colcon.colcon_parallel_executor.executor.parallel:run_until_complete finished with '0'
[20.097s] DEBUG:colcon.colcon_core.event_reactor:joining thread
[20.209s] INFO:colcon.colcon_core.plugin_system:Skipping extension 'colcon_notification.desktop_notification.terminal_notifier': Not used on non-Darwin systems
[20.210s] INFO:colcon.colcon_core.plugin_system:Skipping extension 'colcon_notification.desktop_notification.win32': Not used on non-Windows systems
[20.210s] INFO:colcon.colcon_notification.desktop_notification:Sending desktop notification using 'notify2'
[20.266s] DEBUG:colcon.colcon_core.event_reactor:joined thread
[20.393s] INFO:colcon.colcon_core.shell:Creating prefix script '/home/niklas/ros2-stereo-camera-analyse/install/local_setup.ps1'
[20.398s] INFO:colcon.colcon_core.shell:Creating prefix util module '/home/niklas/ros2-stereo-camera-analyse/install/_local_setup_util_ps1.py'
[20.406s] INFO:colcon.colcon_core.shell:Creating prefix chain script '/home/niklas/ros2-stereo-camera-analyse/install/setup.ps1'
[20.503s] INFO:colcon.colcon_core.shell:Creating prefix script '/home/niklas/ros2-stereo-camera-analyse/install/local_setup.sh'
[20.505s] INFO:colcon.colcon_core.shell:Creating prefix util module '/home/niklas/ros2-stereo-camera-analyse/install/_local_setup_util_sh.py'
[20.508s] INFO:colcon.colcon_core.shell:Creating prefix chain script '/home/niklas/ros2-stereo-camera-analyse/install/setup.sh'
[20.590s] INFO:colcon.colcon_core.shell:Creating prefix script '/home/niklas/ros2-stereo-camera-analyse/install/local_setup.bash'
[20.593s] INFO:colcon.colcon_core.shell:Creating prefix chain script '/home/niklas/ros2-stereo-camera-analyse/install/setup.bash'
[20.680s] INFO:colcon.colcon_core.shell:Creating prefix script '/home/niklas/ros2-stereo-camera-analyse/install/local_setup.zsh'
[20.683s] INFO:colcon.colcon_core.shell:Creating prefix chain script '/home/niklas/ros2-stereo-camera-analyse/install/setup.zsh'
