[5.332s] DEBUG:colcon:Command line arguments: ['/usr/bin/colcon', 'build']
[5.332s] DEBUG:colcon:Parsed command line arguments: Namespace(log_base=None, log_level=None, verb_name='build', build_base='build', install_base='install', merge_install=False, symlink_install=False, test_result_base=None, continue_on_error=False, executor='parallel', parallel_workers=4, event_handlers=None, ignore_user_meta=False, metas=['./colcon.meta'], base_paths=['.'], packages_ignore=None, packages_ignore_regex=None, paths=None, packages_up_to=None, packages_up_to_regex=None, packages_above=None, packages_above_and_dependencies=None, packages_above_depth=None, packages_select_by_dep=None, packages_skip_by_dep=None, packages_skip_up_to=None, packages_select_build_failed=False, packages_skip_build_finished=False, packages_select_test_failures=False, packages_skip_test_passed=False, packages_select=None, packages_skip=None, packages_select_regex=None, packages_skip_regex=None, packages_start=None, packages_end=None, allow_overriding=[], cmake_args=None, cmake_target=None, cmake_target_skip_unavailable=False, cmake_clean_cache=False, cmake_clean_first=False, cmake_force_configure=False, ament_cmake_args=None, catkin_cmake_args=None, catkin_skip_building_tests=False, verb_parser=<colcon_defaults.argument_parser.defaults.DefaultArgumentsDecorator object at 0xffff92c071c0>, verb_extension=<colcon_core.verb.build.BuildVerb object at 0xffff92e8cdf0>, main=<bound method BuildVerb.main of <colcon_core.verb.build.BuildVerb object at 0xffff92e8cdf0>>)
[5.563s] Level 1:colcon.colcon_core.package_discovery:discover_packages(colcon_meta) check parameters
[5.564s] Level 1:colcon.colcon_core.package_discovery:discover_packages(recursive) check parameters
[5.564s] Level 1:colcon.colcon_core.package_discovery:discover_packages(ignore) check parameters
[5.564s] Level 1:colcon.colcon_core.package_discovery:discover_packages(path) check parameters
[5.564s] Level 1:colcon.colcon_core.package_discovery:discover_packages(colcon_meta) discover
[5.564s] Level 1:colcon.colcon_core.package_discovery:discover_packages(recursive) discover
[5.564s] INFO:colcon.colcon_core.package_discovery:Crawling recursively for packages in '/home/niklas/ros2-stereo-camera-analyse'
[5.565s] Level 1:colcon.colcon_core.package_identification:_identify(.) by extensions ['ignore', 'ignore_ament_install']
[5.566s] Level 1:colcon.colcon_core.package_identification:_identify(.) by extension 'ignore'
[5.566s] Level 1:colcon.colcon_core.package_identification:_identify(.) by extension 'ignore_ament_install'
[5.566s] Level 1:colcon.colcon_core.package_identification:_identify(.) by extensions ['colcon_pkg']
[5.566s] Level 1:colcon.colcon_core.package_identification:_identify(.) by extension 'colcon_pkg'
[5.566s] Level 1:colcon.colcon_core.package_identification:_identify(.) by extensions ['colcon_meta']
[5.567s] Level 1:colcon.colcon_core.package_identification:_identify(.) by extension 'colcon_meta'
[5.567s] Level 1:colcon.colcon_core.package_identification:_identify(.) by extensions ['ros']
[5.567s] Level 1:colcon.colcon_core.package_identification:_identify(.) by extension 'ros'
[5.615s] Level 1:colcon.colcon_core.package_identification:_identify(.) by extensions ['cmake', 'python']
[5.616s] Level 1:colcon.colcon_core.package_identification:_identify(.) by extension 'cmake'
[5.616s] Level 1:colcon.colcon_core.package_identification:_identify(.) by extension 'python'
[5.616s] Level 1:colcon.colcon_core.package_identification:_identify(.) by extensions ['python_setup_py']
[5.616s] Level 1:colcon.colcon_core.package_identification:_identify(.) by extension 'python_setup_py'
[5.617s] Level 1:colcon.colcon_core.package_identification:_identify(bilder) by extensions ['ignore', 'ignore_ament_install']
[5.617s] Level 1:colcon.colcon_core.package_identification:_identify(bilder) by extension 'ignore'
[5.618s] Level 1:colcon.colcon_core.package_identification:_identify(bilder) by extension 'ignore_ament_install'
[5.618s] Level 1:colcon.colcon_core.package_identification:_identify(bilder) by extensions ['colcon_pkg']
[5.618s] Level 1:colcon.colcon_core.package_identification:_identify(bilder) by extension 'colcon_pkg'
[5.618s] Level 1:colcon.colcon_core.package_identification:_identify(bilder) by extensions ['colcon_meta']
[5.619s] Level 1:colcon.colcon_core.package_identification:_identify(bilder) by extension 'colcon_meta'
[5.619s] Level 1:colcon.colcon_core.package_identification:_identify(bilder) by extensions ['ros']
[5.619s] Level 1:colcon.colcon_core.package_identification:_identify(bilder) by extension 'ros'
[5.619s] Level 1:colcon.colcon_core.package_identification:_identify(bilder) by extensions ['cmake', 'python']
[5.620s] Level 1:colcon.colcon_core.package_identification:_identify(bilder) by extension 'cmake'
[5.620s] Level 1:colcon.colcon_core.package_identification:_identify(bilder) by extension 'python'
[5.620s] Level 1:colcon.colcon_core.package_identification:_identify(bilder) by extensions ['python_setup_py']
[5.620s] Level 1:colcon.colcon_core.package_identification:_identify(bilder) by extension 'python_setup_py'
[5.621s] Level 1:colcon.colcon_core.package_identification:_identify(build) by extensions ['ignore', 'ignore_ament_install']
[5.621s] Level 1:colcon.colcon_core.package_identification:_identify(build) by extension 'ignore'
[5.621s] Level 1:colcon.colcon_core.package_identification:_identify(build) ignored
[5.622s] Level 1:colcon.colcon_core.package_identification:_identify(install) by extensions ['ignore', 'ignore_ament_install']
[5.622s] Level 1:colcon.colcon_core.package_identification:_identify(install) by extension 'ignore'
[5.623s] Level 1:colcon.colcon_core.package_identification:_identify(install) ignored
[5.624s] Level 1:colcon.colcon_core.package_identification:_identify(log) by extensions ['ignore', 'ignore_ament_install']
[5.625s] Level 1:colcon.colcon_core.package_identification:_identify(log) by extension 'ignore'
[5.625s] Level 1:colcon.colcon_core.package_identification:_identify(log) ignored
[5.626s] Level 1:colcon.colcon_core.package_identification:_identify(my_image_processing) by extensions ['ignore', 'ignore_ament_install']
[5.626s] Level 1:colcon.colcon_core.package_identification:_identify(my_image_processing) by extension 'ignore'
[5.626s] Level 1:colcon.colcon_core.package_identification:_identify(my_image_processing) by extension 'ignore_ament_install'
[5.626s] Level 1:colcon.colcon_core.package_identification:_identify(my_image_processing) by extensions ['colcon_pkg']
[5.627s] Level 1:colcon.colcon_core.package_identification:_identify(my_image_processing) by extension 'colcon_pkg'
[5.627s] Level 1:colcon.colcon_core.package_identification:_identify(my_image_processing) by extensions ['colcon_meta']
[5.627s] Level 1:colcon.colcon_core.package_identification:_identify(my_image_processing) by extension 'colcon_meta'
[5.627s] Level 1:colcon.colcon_core.package_identification:_identify(my_image_processing) by extensions ['ros']
[5.627s] Level 1:colcon.colcon_core.package_identification:_identify(my_image_processing) by extension 'ros'
[5.640s] DEBUG:colcon.colcon_core.package_identification:Package 'my_image_processing' with type 'ros.ament_python' and name 'my_image_processing'
[5.641s] Level 1:colcon.colcon_core.package_identification:_identify(src) by extensions ['ignore', 'ignore_ament_install']
[5.642s] Level 1:colcon.colcon_core.package_identification:_identify(src) by extension 'ignore'
[5.642s] Level 1:colcon.colcon_core.package_identification:_identify(src) by extension 'ignore_ament_install'
[5.642s] Level 1:colcon.colcon_core.package_identification:_identify(src) by extensions ['colcon_pkg']
[5.642s] Level 1:colcon.colcon_core.package_identification:_identify(src) by extension 'colcon_pkg'
[5.642s] Level 1:colcon.colcon_core.package_identification:_identify(src) by extensions ['colcon_meta']
[5.643s] Level 1:colcon.colcon_core.package_identification:_identify(src) by extension 'colcon_meta'
[5.643s] Level 1:colcon.colcon_core.package_identification:_identify(src) by extensions ['ros']
[5.643s] Level 1:colcon.colcon_core.package_identification:_identify(src) by extension 'ros'
[5.643s] Level 1:colcon.colcon_core.package_identification:_identify(src) by extensions ['cmake', 'python']
[5.644s] Level 1:colcon.colcon_core.package_identification:_identify(src) by extension 'cmake'
[5.644s] Level 1:colcon.colcon_core.package_identification:_identify(src) by extension 'python'
[5.644s] Level 1:colcon.colcon_core.package_identification:_identify(src) by extensions ['python_setup_py']
[5.644s] Level 1:colcon.colcon_core.package_identification:_identify(src) by extension 'python_setup_py'
[5.644s] Level 1:colcon.colcon_core.package_discovery:discover_packages(recursive) using defaults
[5.645s] Level 1:colcon.colcon_core.package_discovery:discover_packages(ignore) discover
[5.645s] Level 1:colcon.colcon_core.package_discovery:discover_packages(ignore) using defaults
[5.645s] Level 1:colcon.colcon_core.package_discovery:discover_packages(path) discover
[5.645s] Level 1:colcon.colcon_core.package_discovery:discover_packages(path) using defaults
[6.302s] Level 1:colcon.colcon_core.package_discovery:discover_packages(prefix_path) check parameters
[6.302s] Level 1:colcon.colcon_core.package_discovery:discover_packages(prefix_path) discover
[6.465s] DEBUG:colcon.colcon_installed_package_information.package_discovery:Found 1 installed packages in /home/niklas/ros2-stereo-camera-analyse/install
[6.587s] DEBUG:colcon.colcon_installed_package_information.package_discovery:Found 273 installed packages in /opt/ros/humble
[6.594s] Level 1:colcon.colcon_core.package_discovery:discover_packages(prefix_path) using defaults
[7.029s] Level 5:colcon.colcon_core.verb:set package 'my_image_processing' build argument 'cmake_args' from command line to 'None'
[7.029s] Level 5:colcon.colcon_core.verb:set package 'my_image_processing' build argument 'cmake_target' from command line to 'None'
[7.029s] Level 5:colcon.colcon_core.verb:set package 'my_image_processing' build argument 'cmake_target_skip_unavailable' from command line to 'False'
[7.029s] Level 5:colcon.colcon_core.verb:set package 'my_image_processing' build argument 'cmake_clean_cache' from command line to 'False'
[7.030s] Level 5:colcon.colcon_core.verb:set package 'my_image_processing' build argument 'cmake_clean_first' from command line to 'False'
[7.030s] Level 5:colcon.colcon_core.verb:set package 'my_image_processing' build argument 'cmake_force_configure' from command line to 'False'
[7.030s] Level 5:colcon.colcon_core.verb:set package 'my_image_processing' build argument 'ament_cmake_args' from command line to 'None'
[7.030s] Level 5:colcon.colcon_core.verb:set package 'my_image_processing' build argument 'catkin_cmake_args' from command line to 'None'
[7.030s] Level 5:colcon.colcon_core.verb:set package 'my_image_processing' build argument 'catkin_skip_building_tests' from command line to 'False'
[7.030s] DEBUG:colcon.colcon_core.verb:Building package 'my_image_processing' with the following arguments: {'ament_cmake_args': None, 'build_base': '/home/niklas/ros2-stereo-camera-analyse/build/my_image_processing', 'catkin_cmake_args': None, 'catkin_skip_building_tests': False, 'cmake_args': None, 'cmake_clean_cache': False, 'cmake_clean_first': False, 'cmake_force_configure': False, 'cmake_target': None, 'cmake_target_skip_unavailable': False, 'install_base': '/home/niklas/ros2-stereo-camera-analyse/install/my_image_processing', 'merge_install': False, 'path': '/home/niklas/ros2-stereo-camera-analyse/my_image_processing', 'symlink_install': False, 'test_result_base': None}
[7.106s] INFO:colcon.colcon_core.executor:Executing jobs using 'parallel' executor
[7.187s] DEBUG:colcon.colcon_parallel_executor.executor.parallel:run_until_complete
[7.188s] INFO:colcon.colcon_ros.task.ament_python.build:Building ROS package in '/home/niklas/ros2-stereo-camera-analyse/my_image_processing' with build type 'ament_python'
[7.189s] Level 1:colcon.colcon_core.shell:create_environment_hook('my_image_processing', 'ament_prefix_path')
[7.290s] INFO:colcon.colcon_core.plugin_system:Skipping extension 'colcon_core.shell.bat': Not used on non-Windows systems
[7.291s] INFO:colcon.colcon_core.shell:Creating environment hook '/home/niklas/ros2-stereo-camera-analyse/install/my_image_processing/share/my_image_processing/hook/ament_prefix_path.ps1'
[7.294s] INFO:colcon.colcon_core.shell:Creating environment descriptor '/home/niklas/ros2-stereo-camera-analyse/install/my_image_processing/share/my_image_processing/hook/ament_prefix_path.dsv'
[7.296s] INFO:colcon.colcon_core.shell:Creating environment hook '/home/niklas/ros2-stereo-camera-analyse/install/my_image_processing/share/my_image_processing/hook/ament_prefix_path.sh'
[7.393s] INFO:colcon.colcon_core.shell:Skip shell extension 'powershell' for command environment: Not usable outside of PowerShell
[7.393s] DEBUG:colcon.colcon_core.shell:Skip shell extension 'dsv' for command environment
[9.179s] INFO:colcon.colcon_core.task.python.build:Building Python package in '/home/niklas/ros2-stereo-camera-analyse/my_image_processing'
[9.266s] INFO:colcon.colcon_core.shell:Skip shell extension 'powershell' for command environment: Not usable outside of PowerShell
[9.266s] DEBUG:colcon.colcon_core.shell:Skip shell extension 'dsv' for command environment
[11.704s] DEBUG:colcon.colcon_core.event_handler.log_command:Invoking command in '/home/niklas/ros2-stereo-camera-analyse/my_image_processing': PYTHONPATH=/home/niklas/ros2-stereo-camera-analyse/build/my_image_processing/prefix_override:/home/niklas/ros2-stereo-camera-analyse/install/my_image_processing/lib/python3.10/site-packages:${PYTHONPATH} /usr/bin/python3 setup.py egg_info --egg-base ../build/my_image_processing build --build-base /home/niklas/ros2-stereo-camera-analyse/build/my_image_processing/build install --record /home/niklas/ros2-stereo-camera-analyse/build/my_image_processing/install.log --single-version-externally-managed
[13.424s] DEBUG:colcon.colcon_core.event_handler.log_command:Invoked command in '/home/niklas/ros2-stereo-camera-analyse/my_image_processing' returned '0': PYTHONPATH=/home/niklas/ros2-stereo-camera-analyse/build/my_image_processing/prefix_override:/home/niklas/ros2-stereo-camera-analyse/install/my_image_processing/lib/python3.10/site-packages:${PYTHONPATH} /usr/bin/python3 setup.py egg_info --egg-base ../build/my_image_processing build --build-base /home/niklas/ros2-stereo-camera-analyse/build/my_image_processing/build install --record /home/niklas/ros2-stereo-camera-analyse/build/my_image_processing/install.log --single-version-externally-managed
[13.522s] Level 1:colcon.colcon_core.environment:checking '/home/niklas/ros2-stereo-camera-analyse/install/my_image_processing' for CMake module files
[13.525s] Level 1:colcon.colcon_core.environment:checking '/home/niklas/ros2-stereo-camera-analyse/install/my_image_processing' for CMake config files
[13.529s] Level 1:colcon.colcon_core.environment:checking '/home/niklas/ros2-stereo-camera-analyse/install/my_image_processing/lib'
[13.530s] Level 1:colcon.colcon_core.environment:checking '/home/niklas/ros2-stereo-camera-analyse/install/my_image_processing/bin'
[13.530s] Level 1:colcon.colcon_core.environment:checking '/home/niklas/ros2-stereo-camera-analyse/install/my_image_processing/lib/pkgconfig/my_image_processing.pc'
[13.531s] Level 1:colcon.colcon_core.environment:checking '/home/niklas/ros2-stereo-camera-analyse/install/my_image_processing/lib/python3.10/site-packages'
[13.532s] Level 1:colcon.colcon_core.shell:create_environment_hook('my_image_processing', 'pythonpath')
[13.617s] INFO:colcon.colcon_core.shell:Creating environment hook '/home/niklas/ros2-stereo-camera-analyse/install/my_image_processing/share/my_image_processing/hook/pythonpath.ps1'
[13.620s] INFO:colcon.colcon_core.shell:Creating environment descriptor '/home/niklas/ros2-stereo-camera-analyse/install/my_image_processing/share/my_image_processing/hook/pythonpath.dsv'
[13.621s] INFO:colcon.colcon_core.shell:Creating environment hook '/home/niklas/ros2-stereo-camera-analyse/install/my_image_processing/share/my_image_processing/hook/pythonpath.sh'
[13.624s] Level 1:colcon.colcon_core.environment:checking '/home/niklas/ros2-stereo-camera-analyse/install/my_image_processing/bin'
[13.625s] Level 1:colcon.colcon_core.environment:create_environment_scripts_only(my_image_processing)
[13.715s] INFO:colcon.colcon_core.shell:Creating package script '/home/niklas/ros2-stereo-camera-analyse/install/my_image_processing/share/my_image_processing/package.ps1'
[13.719s] INFO:colcon.colcon_core.shell:Creating package descriptor '/home/niklas/ros2-stereo-camera-analyse/install/my_image_processing/share/my_image_processing/package.dsv'
[13.722s] INFO:colcon.colcon_core.shell:Creating package script '/home/niklas/ros2-stereo-camera-analyse/install/my_image_processing/share/my_image_processing/package.sh'
[13.726s] INFO:colcon.colcon_core.shell:Creating package script '/home/niklas/ros2-stereo-camera-analyse/install/my_image_processing/share/my_image_processing/package.bash'
[13.730s] INFO:colcon.colcon_core.shell:Creating package script '/home/niklas/ros2-stereo-camera-analyse/install/my_image_processing/share/my_image_processing/package.zsh'
[13.733s] Level 1:colcon.colcon_core.environment:create_file_with_runtime_dependencies(/home/niklas/ros2-stereo-camera-analyse/install/my_image_processing/share/colcon-core/packages/my_image_processing)
[13.735s] DEBUG:colcon.colcon_parallel_executor.executor.parallel:closing loop
[13.736s] DEBUG:colcon.colcon_parallel_executor.executor.parallel:loop closed
[13.737s] DEBUG:colcon.colcon_parallel_executor.executor.parallel:run_until_complete finished with '0'
[13.737s] DEBUG:colcon.colcon_core.event_reactor:joining thread
[13.853s] INFO:colcon.colcon_core.plugin_system:Skipping extension 'colcon_notification.desktop_notification.terminal_notifier': Not used on non-Darwin systems
[13.854s] INFO:colcon.colcon_core.plugin_system:Skipping extension 'colcon_notification.desktop_notification.win32': Not used on non-Windows systems
[13.854s] INFO:colcon.colcon_notification.desktop_notification:Sending desktop notification using 'notify2'
[13.914s] DEBUG:colcon.colcon_core.event_reactor:joined thread
[14.041s] INFO:colcon.colcon_core.shell:Creating prefix script '/home/niklas/ros2-stereo-camera-analyse/install/local_setup.ps1'
[14.047s] INFO:colcon.colcon_core.shell:Creating prefix util module '/home/niklas/ros2-stereo-camera-analyse/install/_local_setup_util_ps1.py'
[14.053s] INFO:colcon.colcon_core.shell:Creating prefix chain script '/home/niklas/ros2-stereo-camera-analyse/install/setup.ps1'
[14.157s] INFO:colcon.colcon_core.shell:Creating prefix script '/home/niklas/ros2-stereo-camera-analyse/install/local_setup.sh'
[14.160s] INFO:colcon.colcon_core.shell:Creating prefix util module '/home/niklas/ros2-stereo-camera-analyse/install/_local_setup_util_sh.py'
[14.163s] INFO:colcon.colcon_core.shell:Creating prefix chain script '/home/niklas/ros2-stereo-camera-analyse/install/setup.sh'
[14.249s] INFO:colcon.colcon_core.shell:Creating prefix script '/home/niklas/ros2-stereo-camera-analyse/install/local_setup.bash'
[14.251s] INFO:colcon.colcon_core.shell:Creating prefix chain script '/home/niklas/ros2-stereo-camera-analyse/install/setup.bash'
[14.340s] INFO:colcon.colcon_core.shell:Creating prefix script '/home/niklas/ros2-stereo-camera-analyse/install/local_setup.zsh'
[14.342s] INFO:colcon.colcon_core.shell:Creating prefix chain script '/home/niklas/ros2-stereo-camera-analyse/install/setup.zsh'
