[5.245s] Invoking command in '/home/niklas/ros2-stereo-camera-analyse/my_image_processing': PYTHONPATH=/home/niklas/ros2-stereo-camera-analyse/build/my_image_processing/prefix_override:/home/niklas/ros2-stereo-camera-analyse/install/my_image_processing/lib/python3.10/site-packages:${PYTHONPATH} /usr/bin/python3 setup.py egg_info --egg-base ../build/my_image_processing build --build-base /home/niklas/ros2-stereo-camera-analyse/build/my_image_processing/build install --record /home/niklas/ros2-stereo-camera-analyse/build/my_image_processing/install.log --single-version-externally-managed
[6.665s] running egg_info
[6.667s] writing ../build/my_image_processing/my_image_processing.egg-info/PKG-INFO
[6.668s] writing dependency_links to ../build/my_image_processing/my_image_processing.egg-info/dependency_links.txt
[6.670s] writing entry points to ../build/my_image_processing/my_image_processing.egg-info/entry_points.txt
[6.670s] writing requirements to ../build/my_image_processing/my_image_processing.egg-info/requires.txt
[6.671s] writing top-level names to ../build/my_image_processing/my_image_processing.egg-info/top_level.txt
[6.679s] reading manifest file '../build/my_image_processing/my_image_processing.egg-info/SOURCES.txt'
[6.684s] writing manifest file '../build/my_image_processing/my_image_processing.egg-info/SOURCES.txt'
[6.685s] running build
[6.685s] running build_py
[6.686s] copying my_image_processing/my_node.py -> /home/niklas/ros2-stereo-camera-analyse/build/my_image_processing/build/lib/my_image_processing
[6.688s] running install
[6.689s] running install_lib
[6.693s] copying /home/niklas/ros2-stereo-camera-analyse/build/my_image_processing/build/lib/my_image_processing/my_node.py -> /home/niklas/ros2-stereo-camera-analyse/install/my_image_processing/lib/python3.10/site-packages/my_image_processing
[6.697s] byte-compiling /home/niklas/ros2-stereo-camera-analyse/install/my_image_processing/lib/python3.10/site-packages/my_image_processing/my_node.py to my_node.cpython-310.pyc
[6.711s] running install_data
[6.711s] copying package.xml -> /home/niklas/ros2-stereo-camera-analyse/install/my_image_processing/share/my_image_processing
[6.712s] running install_egg_info
[6.720s] removing '/home/niklas/ros2-stereo-camera-analyse/install/my_image_processing/lib/python3.10/site-packages/my_image_processing-0.0.0-py3.10.egg-info' (and everything under it)
[6.721s] Copying ../build/my_image_processing/my_image_processing.egg-info to /home/niklas/ros2-stereo-camera-analyse/install/my_image_processing/lib/python3.10/site-packages/my_image_processing-0.0.0-py3.10.egg-info
[6.727s] running install_scripts
[6.802s] Installing image_node script to /home/niklas/ros2-stereo-camera-analyse/install/my_image_processing/lib/my_image_processing
[6.813s] writing list of installed files to '/home/niklas/ros2-stereo-camera-analyse/build/my_image_processing/install.log'
[6.938s] Invoked command in '/home/niklas/ros2-stereo-camera-analyse/my_image_processing' returned '0': PYTHONPATH=/home/niklas/ros2-stereo-camera-analyse/build/my_image_processing/prefix_override:/home/niklas/ros2-stereo-camera-analyse/install/my_image_processing/lib/python3.10/site-packages:${PYTHONPATH} /usr/bin/python3 setup.py egg_info --egg-base ../build/my_image_processing build --build-base /home/niklas/ros2-stereo-camera-analyse/build/my_image_processing/build install --record /home/niklas/ros2-stereo-camera-analyse/build/my_image_processing/install.log --single-version-externally-managed
