[4.002s] Invoking command in '/home/stereocamera/ros2_stereo_camera_analyse/my_image_processing': PYTHONPATH=/home/stereocamera/ros2_stereo_camera_analyse/build/my_image_processing/prefix_override:/home/stereocamera/ros2_stereo_camera_analyse/install/my_image_processing/lib/python3.10/site-packages:${PYTHONPATH} /usr/bin/python3 setup.py egg_info --egg-base ../build/my_image_processing build --build-base /home/stereocamera/ros2_stereo_camera_analyse/build/my_image_processing/build install --record /home/stereocamera/ros2_stereo_camera_analyse/build/my_image_processing/install.log --single-version-externally-managed
[5.216s] running egg_info
[5.219s] writing ../build/my_image_processing/my_image_processing.egg-info/PKG-INFO
[5.221s] writing dependency_links to ../build/my_image_processing/my_image_processing.egg-info/dependency_links.txt
[5.222s] writing entry points to ../build/my_image_processing/my_image_processing.egg-info/entry_points.txt
[5.223s] writing requirements to ../build/my_image_processing/my_image_processing.egg-info/requires.txt
[5.224s] writing top-level names to ../build/my_image_processing/my_image_processing.egg-info/top_level.txt
[5.232s] reading manifest file '../build/my_image_processing/my_image_processing.egg-info/SOURCES.txt'
[5.236s] writing manifest file '../build/my_image_processing/my_image_processing.egg-info/SOURCES.txt'
[5.237s] running build
[5.237s] running build_py
[5.238s] copying my_image_processing/bildverarbeitung.py -> /home/stereocamera/ros2_stereo_camera_analyse/build/my_image_processing/build/lib/my_image_processing
[5.240s] running install
[5.241s] running install_lib
[5.246s] copying /home/stereocamera/ros2_stereo_camera_analyse/build/my_image_processing/build/lib/my_image_processing/bildverarbeitung.py -> /home/stereocamera/ros2_stereo_camera_analyse/install/my_image_processing/lib/python3.10/site-packages/my_image_processing
[5.250s] byte-compiling /home/stereocamera/ros2_stereo_camera_analyse/install/my_image_processing/lib/python3.10/site-packages/my_image_processing/bildverarbeitung.py to bildverarbeitung.cpython-310.pyc
[5.257s] running install_data
[5.260s] copying package.xml -> /home/stereocamera/ros2_stereo_camera_analyse/install/my_image_processing/share/my_image_processing
[5.260s] running install_egg_info
[5.268s] removing '/home/stereocamera/ros2_stereo_camera_analyse/install/my_image_processing/lib/python3.10/site-packages/my_image_processing-0.0.0-py3.10.egg-info' (and everything under it)
[5.280s] Copying ../build/my_image_processing/my_image_processing.egg-info to /home/stereocamera/ros2_stereo_camera_analyse/install/my_image_processing/lib/python3.10/site-packages/my_image_processing-0.0.0-py3.10.egg-info
[5.281s] running install_scripts
[5.360s] Installing image_node script to /home/stereocamera/ros2_stereo_camera_analyse/install/my_image_processing/lib/my_image_processing
[5.362s] writing list of installed files to '/home/stereocamera/ros2_stereo_camera_analyse/build/my_image_processing/install.log'
[5.509s] Invoked command in '/home/stereocamera/ros2_stereo_camera_analyse/my_image_processing' returned '0': PYTHONPATH=/home/stereocamera/ros2_stereo_camera_analyse/build/my_image_processing/prefix_override:/home/stereocamera/ros2_stereo_camera_analyse/install/my_image_processing/lib/python3.10/site-packages:${PYTHONPATH} /usr/bin/python3 setup.py egg_info --egg-base ../build/my_image_processing build --build-base /home/stereocamera/ros2_stereo_camera_analyse/build/my_image_processing/build install --record /home/stereocamera/ros2_stereo_camera_analyse/build/my_image_processing/install.log --single-version-externally-managed
