[4.748s] DEBUG:colcon:Command line arguments: ['/usr/bin/colcon', 'build']
[4.748s] DEBUG:colcon:Parsed command line arguments: Namespace(log_base=None, log_level=None, verb_name='build', build_base='build', install_base='install', merge_install=False, symlink_install=False, test_result_base=None, continue_on_error=False, executor='parallel', parallel_workers=4, event_handlers=None, ignore_user_meta=False, metas=['./colcon.meta'], base_paths=['.'], packages_ignore=None, packages_ignore_regex=None, paths=None, packages_up_to=None, packages_up_to_regex=None, packages_above=None, packages_above_and_dependencies=None, packages_above_depth=None, packages_select_by_dep=None, packages_skip_by_dep=None, packages_skip_up_to=None, packages_select_build_failed=False, packages_skip_build_finished=False, packages_select_test_failures=False, packages_skip_test_passed=False, packages_select=None, packages_skip=None, packages_select_regex=None, packages_skip_regex=None, packages_start=None, packages_end=None, allow_overriding=[], cmake_args=None, cmake_target=None, cmake_target_skip_unavailable=False, cmake_clean_cache=False, cmake_clean_first=False, cmake_force_configure=False, ament_cmake_args=None, catkin_cmake_args=None, catkin_skip_building_tests=False, verb_parser=<colcon_defaults.argument_parser.defaults.DefaultArgumentsDecorator object at 0xffffb4a9ed40>, verb_extension=<colcon_core.verb.build.BuildVerb object at 0xffffb4db0d60>, main=<bound method BuildVerb.main of <colcon_core.verb.build.BuildVerb object at 0xffffb4db0d60>>)
[4.954s] Level 1:colcon.colcon_core.package_discovery:discover_packages(colcon_meta) check parameters
[4.955s] Level 1:colcon.colcon_core.package_discovery:discover_packages(recursive) check parameters
[4.955s] Level 1:colcon.colcon_core.package_discovery:discover_packages(ignore) check parameters
[4.955s] Level 1:colcon.colcon_core.package_discovery:discover_packages(path) check parameters
[4.955s] Level 1:colcon.colcon_core.package_discovery:discover_packages(colcon_meta) discover
[4.955s] Level 1:colcon.colcon_core.package_discovery:discover_packages(recursive) discover
[4.956s] INFO:colcon.colcon_core.package_discovery:Crawling recursively for packages in '/home/stereocamera/ros2_stereo_camera_analyse'
[4.956s] Level 1:colcon.colcon_core.package_identification:_identify(.) by extensions ['ignore', 'ignore_ament_install']
[4.956s] Level 1:colcon.colcon_core.package_identification:_identify(.) by extension 'ignore'
[4.957s] Level 1:colcon.colcon_core.package_identification:_identify(.) by extension 'ignore_ament_install'
[4.957s] Level 1:colcon.colcon_core.package_identification:_identify(.) by extensions ['colcon_pkg']
[4.957s] Level 1:colcon.colcon_core.package_identification:_identify(.) by extension 'colcon_pkg'
[4.957s] Level 1:colcon.colcon_core.package_identification:_identify(.) by extensions ['colcon_meta']
[4.957s] Level 1:colcon.colcon_core.package_identification:_identify(.) by extension 'colcon_meta'
[4.958s] Level 1:colcon.colcon_core.package_identification:_identify(.) by extensions ['ros']
[4.958s] Level 1:colcon.colcon_core.package_identification:_identify(.) by extension 'ros'
[5.004s] Level 1:colcon.colcon_core.package_identification:_identify(.) by extensions ['cmake', 'python']
[5.004s] Level 1:colcon.colcon_core.package_identification:_identify(.) by extension 'cmake'
[5.005s] Level 1:colcon.colcon_core.package_identification:_identify(.) by extension 'python'
[5.005s] Level 1:colcon.colcon_core.package_identification:_identify(.) by extensions ['python_setup_py']
[5.005s] Level 1:colcon.colcon_core.package_identification:_identify(.) by extension 'python_setup_py'
[5.007s] Level 1:colcon.colcon_core.package_identification:_identify(bilder) by extensions ['ignore', 'ignore_ament_install']
[5.008s] Level 1:colcon.colcon_core.package_identification:_identify(bilder) by extension 'ignore'
[5.008s] Level 1:colcon.colcon_core.package_identification:_identify(bilder) by extension 'ignore_ament_install'
[5.008s] Level 1:colcon.colcon_core.package_identification:_identify(bilder) by extensions ['colcon_pkg']
[5.009s] Level 1:colcon.colcon_core.package_identification:_identify(bilder) by extension 'colcon_pkg'
[5.009s] Level 1:colcon.colcon_core.package_identification:_identify(bilder) by extensions ['colcon_meta']
[5.009s] Level 1:colcon.colcon_core.package_identification:_identify(bilder) by extension 'colcon_meta'
[5.009s] Level 1:colcon.colcon_core.package_identification:_identify(bilder) by extensions ['ros']
[5.009s] Level 1:colcon.colcon_core.package_identification:_identify(bilder) by extension 'ros'
[5.010s] Level 1:colcon.colcon_core.package_identification:_identify(bilder) by extensions ['cmake', 'python']
[5.010s] Level 1:colcon.colcon_core.package_identification:_identify(bilder) by extension 'cmake'
[5.010s] Level 1:colcon.colcon_core.package_identification:_identify(bilder) by extension 'python'
[5.010s] Level 1:colcon.colcon_core.package_identification:_identify(bilder) by extensions ['python_setup_py']
[5.010s] Level 1:colcon.colcon_core.package_identification:_identify(bilder) by extension 'python_setup_py'
[5.011s] Level 1:colcon.colcon_core.package_identification:_identify(build) by extensions ['ignore', 'ignore_ament_install']
[5.011s] Level 1:colcon.colcon_core.package_identification:_identify(build) by extension 'ignore'
[5.012s] Level 1:colcon.colcon_core.package_identification:_identify(build) ignored
[5.012s] Level 1:colcon.colcon_core.package_identification:_identify(install) by extensions ['ignore', 'ignore_ament_install']
[5.013s] Level 1:colcon.colcon_core.package_identification:_identify(install) by extension 'ignore'
[5.013s] Level 1:colcon.colcon_core.package_identification:_identify(install) ignored
[5.015s] Level 1:colcon.colcon_core.package_identification:_identify(log) by extensions ['ignore', 'ignore_ament_install']
[5.015s] Level 1:colcon.colcon_core.package_identification:_identify(log) by extension 'ignore'
[5.016s] Level 1:colcon.colcon_core.package_identification:_identify(log) ignored
[5.016s] Level 1:colcon.colcon_core.package_identification:_identify(my_image_processing) by extensions ['ignore', 'ignore_ament_install']
[5.017s] Level 1:colcon.colcon_core.package_identification:_identify(my_image_processing) by extension 'ignore'
[5.017s] Level 1:colcon.colcon_core.package_identification:_identify(my_image_processing) by extension 'ignore_ament_install'
[5.017s] Level 1:colcon.colcon_core.package_identification:_identify(my_image_processing) by extensions ['colcon_pkg']
[5.017s] Level 1:colcon.colcon_core.package_identification:_identify(my_image_processing) by extension 'colcon_pkg'
[5.017s] Level 1:colcon.colcon_core.package_identification:_identify(my_image_processing) by extensions ['colcon_meta']
[5.017s] Level 1:colcon.colcon_core.package_identification:_identify(my_image_processing) by extension 'colcon_meta'
[5.018s] Level 1:colcon.colcon_core.package_identification:_identify(my_image_processing) by extensions ['ros']
[5.018s] Level 1:colcon.colcon_core.package_identification:_identify(my_image_processing) by extension 'ros'
[5.029s] DEBUG:colcon.colcon_core.package_identification:Package 'my_image_processing' with type 'ros.ament_python' and name 'my_image_processing'
[5.029s] Level 1:colcon.colcon_core.package_discovery:discover_packages(recursive) using defaults
[5.029s] Level 1:colcon.colcon_core.package_discovery:discover_packages(ignore) discover
[5.029s] Level 1:colcon.colcon_core.package_discovery:discover_packages(ignore) using defaults
[5.029s] Level 1:colcon.colcon_core.package_discovery:discover_packages(path) discover
[5.029s] Level 1:colcon.colcon_core.package_discovery:discover_packages(path) using defaults
[5.577s] Level 1:colcon.colcon_core.package_discovery:discover_packages(prefix_path) check parameters
[5.578s] Level 1:colcon.colcon_core.package_discovery:discover_packages(prefix_path) discover
[5.722s] DEBUG:colcon.colcon_installed_package_information.package_discovery:Found 1 installed packages in /home/stereocamera/ros2_stereo_camera_analyse/install
[5.793s] DEBUG:colcon.colcon_installed_package_information.package_discovery:Found 1 installed packages in /home/stereocamera/ros2_3D/install
[5.861s] DEBUG:colcon.colcon_installed_package_information.package_discovery:Found 1 installed packages in /home/stereocamera/ros2_gui/install
[5.934s] DEBUG:colcon.colcon_installed_package_information.package_discovery:Found 273 installed packages in /opt/ros/humble
[5.940s] Level 1:colcon.colcon_core.package_discovery:discover_packages(prefix_path) using defaults
[6.347s] Level 5:colcon.colcon_core.verb:set package 'my_image_processing' build argument 'cmake_args' from command line to 'None'
[6.347s] Level 5:colcon.colcon_core.verb:set package 'my_image_processing' build argument 'cmake_target' from command line to 'None'
[6.347s] Level 5:colcon.colcon_core.verb:set package 'my_image_processing' build argument 'cmake_target_skip_unavailable' from command line to 'False'
[6.348s] Level 5:colcon.colcon_core.verb:set package 'my_image_processing' build argument 'cmake_clean_cache' from command line to 'False'
[6.348s] Level 5:colcon.colcon_core.verb:set package 'my_image_processing' build argument 'cmake_clean_first' from command line to 'False'
[6.348s] Level 5:colcon.colcon_core.verb:set package 'my_image_processing' build argument 'cmake_force_configure' from command line to 'False'
[6.348s] Level 5:colcon.colcon_core.verb:set package 'my_image_processing' build argument 'ament_cmake_args' from command line to 'None'
[6.348s] Level 5:colcon.colcon_core.verb:set package 'my_image_processing' build argument 'catkin_cmake_args' from command line to 'None'
[6.348s] Level 5:colcon.colcon_core.verb:set package 'my_image_processing' build argument 'catkin_skip_building_tests' from command line to 'False'
[6.348s] DEBUG:colcon.colcon_core.verb:Building package 'my_image_processing' with the following arguments: {'ament_cmake_args': None, 'build_base': '/home/stereocamera/ros2_stereo_camera_analyse/build/my_image_processing', 'catkin_cmake_args': None, 'catkin_skip_building_tests': False, 'cmake_args': None, 'cmake_clean_cache': False, 'cmake_clean_first': False, 'cmake_force_configure': False, 'cmake_target': None, 'cmake_target_skip_unavailable': False, 'install_base': '/home/stereocamera/ros2_stereo_camera_analyse/install/my_image_processing', 'merge_install': False, 'path': '/home/stereocamera/ros2_stereo_camera_analyse/my_image_processing', 'symlink_install': False, 'test_result_base': None}
[6.413s] INFO:colcon.colcon_core.executor:Executing jobs using 'parallel' executor
[6.481s] DEBUG:colcon.colcon_parallel_executor.executor.parallel:run_until_complete
[6.482s] INFO:colcon.colcon_ros.task.ament_python.build:Building ROS package in '/home/stereocamera/ros2_stereo_camera_analyse/my_image_processing' with build type 'ament_python'
[6.483s] Level 1:colcon.colcon_core.shell:create_environment_hook('my_image_processing', 'ament_prefix_path')
[6.575s] INFO:colcon.colcon_core.plugin_system:Skipping extension 'colcon_core.shell.bat': Not used on non-Windows systems
[6.576s] INFO:colcon.colcon_core.shell:Creating environment hook '/home/stereocamera/ros2_stereo_camera_analyse/install/my_image_processing/share/my_image_processing/hook/ament_prefix_path.ps1'
[6.579s] INFO:colcon.colcon_core.shell:Creating environment descriptor '/home/stereocamera/ros2_stereo_camera_analyse/install/my_image_processing/share/my_image_processing/hook/ament_prefix_path.dsv'
[6.582s] INFO:colcon.colcon_core.shell:Creating environment hook '/home/stereocamera/ros2_stereo_camera_analyse/install/my_image_processing/share/my_image_processing/hook/ament_prefix_path.sh'
[6.680s] INFO:colcon.colcon_core.shell:Skip shell extension 'powershell' for command environment: Not usable outside of PowerShell
[6.681s] DEBUG:colcon.colcon_core.shell:Skip shell extension 'dsv' for command environment
[8.391s] INFO:colcon.colcon_core.task.python.build:Building Python package in '/home/stereocamera/ros2_stereo_camera_analyse/my_image_processing'
[8.469s] INFO:colcon.colcon_core.shell:Skip shell extension 'powershell' for command environment: Not usable outside of PowerShell
[8.470s] DEBUG:colcon.colcon_core.shell:Skip shell extension 'dsv' for command environment
[10.482s] DEBUG:colcon.colcon_core.event_handler.log_command:Invoking command in '/home/stereocamera/ros2_stereo_camera_analyse/my_image_processing': PYTHONPATH=/home/stereocamera/ros2_stereo_camera_analyse/build/my_image_processing/prefix_override:/home/stereocamera/ros2_stereo_camera_analyse/install/my_image_processing/lib/python3.10/site-packages:${PYTHONPATH} /usr/bin/python3 setup.py egg_info --egg-base ../build/my_image_processing build --build-base /home/stereocamera/ros2_stereo_camera_analyse/build/my_image_processing/build install --record /home/stereocamera/ros2_stereo_camera_analyse/build/my_image_processing/install.log --single-version-externally-managed
[11.998s] DEBUG:colcon.colcon_core.event_handler.log_command:Invoked command in '/home/stereocamera/ros2_stereo_camera_analyse/my_image_processing' returned '0': PYTHONPATH=/home/stereocamera/ros2_stereo_camera_analyse/build/my_image_processing/prefix_override:/home/stereocamera/ros2_stereo_camera_analyse/install/my_image_processing/lib/python3.10/site-packages:${PYTHONPATH} /usr/bin/python3 setup.py egg_info --egg-base ../build/my_image_processing build --build-base /home/stereocamera/ros2_stereo_camera_analyse/build/my_image_processing/build install --record /home/stereocamera/ros2_stereo_camera_analyse/build/my_image_processing/install.log --single-version-externally-managed
[12.120s] Level 1:colcon.colcon_core.environment:checking '/home/stereocamera/ros2_stereo_camera_analyse/install/my_image_processing' for CMake module files
[12.122s] Level 1:colcon.colcon_core.environment:checking '/home/stereocamera/ros2_stereo_camera_analyse/install/my_image_processing' for CMake config files
[12.127s] Level 1:colcon.colcon_core.environment:checking '/home/stereocamera/ros2_stereo_camera_analyse/install/my_image_processing/lib'
[12.128s] Level 1:colcon.colcon_core.environment:checking '/home/stereocamera/ros2_stereo_camera_analyse/install/my_image_processing/bin'
[12.128s] Level 1:colcon.colcon_core.environment:checking '/home/stereocamera/ros2_stereo_camera_analyse/install/my_image_processing/lib/pkgconfig/my_image_processing.pc'
[12.129s] Level 1:colcon.colcon_core.environment:checking '/home/stereocamera/ros2_stereo_camera_analyse/install/my_image_processing/lib/python3.10/site-packages'
[12.130s] Level 1:colcon.colcon_core.shell:create_environment_hook('my_image_processing', 'pythonpath')
[12.203s] INFO:colcon.colcon_core.shell:Creating environment hook '/home/stereocamera/ros2_stereo_camera_analyse/install/my_image_processing/share/my_image_processing/hook/pythonpath.ps1'
[12.205s] INFO:colcon.colcon_core.shell:Creating environment descriptor '/home/stereocamera/ros2_stereo_camera_analyse/install/my_image_processing/share/my_image_processing/hook/pythonpath.dsv'
[12.207s] INFO:colcon.colcon_core.shell:Creating environment hook '/home/stereocamera/ros2_stereo_camera_analyse/install/my_image_processing/share/my_image_processing/hook/pythonpath.sh'
[12.210s] Level 1:colcon.colcon_core.environment:checking '/home/stereocamera/ros2_stereo_camera_analyse/install/my_image_processing/bin'
[12.210s] Level 1:colcon.colcon_core.environment:create_environment_scripts_only(my_image_processing)
[12.286s] INFO:colcon.colcon_core.shell:Creating package script '/home/stereocamera/ros2_stereo_camera_analyse/install/my_image_processing/share/my_image_processing/package.ps1'
[12.289s] INFO:colcon.colcon_core.shell:Creating package descriptor '/home/stereocamera/ros2_stereo_camera_analyse/install/my_image_processing/share/my_image_processing/package.dsv'
[12.292s] INFO:colcon.colcon_core.shell:Creating package script '/home/stereocamera/ros2_stereo_camera_analyse/install/my_image_processing/share/my_image_processing/package.sh'
[12.296s] INFO:colcon.colcon_core.shell:Creating package script '/home/stereocamera/ros2_stereo_camera_analyse/install/my_image_processing/share/my_image_processing/package.bash'
[12.299s] INFO:colcon.colcon_core.shell:Creating package script '/home/stereocamera/ros2_stereo_camera_analyse/install/my_image_processing/share/my_image_processing/package.zsh'
[12.302s] Level 1:colcon.colcon_core.environment:create_file_with_runtime_dependencies(/home/stereocamera/ros2_stereo_camera_analyse/install/my_image_processing/share/colcon-core/packages/my_image_processing)
[12.303s] DEBUG:colcon.colcon_parallel_executor.executor.parallel:closing loop
[12.305s] DEBUG:colcon.colcon_parallel_executor.executor.parallel:loop closed
[12.305s] DEBUG:colcon.colcon_parallel_executor.executor.parallel:run_until_complete finished with '0'
[12.306s] DEBUG:colcon.colcon_core.event_reactor:joining thread
[12.434s] INFO:colcon.colcon_core.plugin_system:Skipping extension 'colcon_notification.desktop_notification.terminal_notifier': Not used on non-Darwin systems
[12.434s] INFO:colcon.colcon_core.plugin_system:Skipping extension 'colcon_notification.desktop_notification.win32': Not used on non-Windows systems
[12.435s] INFO:colcon.colcon_notification.desktop_notification:Sending desktop notification using 'notify2'
[12.488s] DEBUG:colcon.colcon_core.event_reactor:joined thread
[12.624s] INFO:colcon.colcon_core.shell:Creating prefix script '/home/stereocamera/ros2_stereo_camera_analyse/install/local_setup.ps1'
[12.630s] INFO:colcon.colcon_core.shell:Creating prefix util module '/home/stereocamera/ros2_stereo_camera_analyse/install/_local_setup_util_ps1.py'
[12.635s] INFO:colcon.colcon_core.shell:Creating prefix chain script '/home/stereocamera/ros2_stereo_camera_analyse/install/setup.ps1'
[12.723s] INFO:colcon.colcon_core.shell:Creating prefix script '/home/stereocamera/ros2_stereo_camera_analyse/install/local_setup.sh'
[12.726s] INFO:colcon.colcon_core.shell:Creating prefix util module '/home/stereocamera/ros2_stereo_camera_analyse/install/_local_setup_util_sh.py'
[12.728s] INFO:colcon.colcon_core.shell:Creating prefix chain script '/home/stereocamera/ros2_stereo_camera_analyse/install/setup.sh'
[12.800s] INFO:colcon.colcon_core.shell:Creating prefix script '/home/stereocamera/ros2_stereo_camera_analyse/install/local_setup.bash'
[12.803s] INFO:colcon.colcon_core.shell:Creating prefix chain script '/home/stereocamera/ros2_stereo_camera_analyse/install/setup.bash'
[12.880s] INFO:colcon.colcon_core.shell:Creating prefix script '/home/stereocamera/ros2_stereo_camera_analyse/install/local_setup.zsh'
[12.883s] INFO:colcon.colcon_core.shell:Creating prefix chain script '/home/stereocamera/ros2_stereo_camera_analyse/install/setup.zsh'
