[6.601s] DEBUG:colcon:Command line arguments: ['/usr/bin/colcon', 'build']
[6.602s] DEBUG:colcon:Parsed command line arguments: Namespace(log_base=None, log_level=None, verb_name='build', build_base='build', install_base='install', merge_install=False, symlink_install=False, test_result_base=None, continue_on_error=False, executor='parallel', parallel_workers=4, event_handlers=None, ignore_user_meta=False, metas=['./colcon.meta'], base_paths=['.'], packages_ignore=None, packages_ignore_regex=None, paths=None, packages_up_to=None, packages_up_to_regex=None, packages_above=None, packages_above_and_dependencies=None, packages_above_depth=None, packages_select_by_dep=None, packages_skip_by_dep=None, packages_skip_up_to=None, packages_select_build_failed=False, packages_skip_build_finished=False, packages_select_test_failures=False, packages_skip_test_passed=False, packages_select=None, packages_skip=None, packages_select_regex=None, packages_skip_regex=None, packages_start=None, packages_end=None, allow_overriding=[], cmake_args=None, cmake_target=None, cmake_target_skip_unavailable=False, cmake_clean_cache=False, cmake_clean_first=False, cmake_force_configure=False, ament_cmake_args=None, catkin_cmake_args=None, catkin_skip_building_tests=False, verb_parser=<colcon_defaults.argument_parser.defaults.DefaultArgumentsDecorator object at 0xffffa9adc5e0>, verb_extension=<colcon_core.verb.build.BuildVerb object at 0xffffa9df1180>, main=<bound method BuildVerb.main of <colcon_core.verb.build.BuildVerb object at 0xffffa9df1180>>)
[6.964s] Level 1:colcon.colcon_core.package_discovery:discover_packages(colcon_meta) check parameters
[6.965s] Level 1:colcon.colcon_core.package_discovery:discover_packages(recursive) check parameters
[6.965s] Level 1:colcon.colcon_core.package_discovery:discover_packages(ignore) check parameters
[6.966s] Level 1:colcon.colcon_core.package_discovery:discover_packages(path) check parameters
[6.966s] Level 1:colcon.colcon_core.package_discovery:discover_packages(colcon_meta) discover
[6.966s] Level 1:colcon.colcon_core.package_discovery:discover_packages(recursive) discover
[6.966s] INFO:colcon.colcon_core.package_discovery:Crawling recursively for packages in '/home/stereocamera/ros2_stereo_camera_analyse'
[6.967s] Level 1:colcon.colcon_core.package_identification:_identify(.) by extensions ['ignore', 'ignore_ament_install']
[6.968s] Level 1:colcon.colcon_core.package_identification:_identify(.) by extension 'ignore'
[6.968s] Level 1:colcon.colcon_core.package_identification:_identify(.) by extension 'ignore_ament_install'
[6.969s] Level 1:colcon.colcon_core.package_identification:_identify(.) by extensions ['colcon_pkg']
[6.969s] Level 1:colcon.colcon_core.package_identification:_identify(.) by extension 'colcon_pkg'
[6.969s] Level 1:colcon.colcon_core.package_identification:_identify(.) by extensions ['colcon_meta']
[6.970s] Level 1:colcon.colcon_core.package_identification:_identify(.) by extension 'colcon_meta'
[6.970s] Level 1:colcon.colcon_core.package_identification:_identify(.) by extensions ['ros']
[6.970s] Level 1:colcon.colcon_core.package_identification:_identify(.) by extension 'ros'
[7.026s] Level 1:colcon.colcon_core.package_identification:_identify(.) by extensions ['cmake', 'python']
[7.027s] Level 1:colcon.colcon_core.package_identification:_identify(.) by extension 'cmake'
[7.027s] Level 1:colcon.colcon_core.package_identification:_identify(.) by extension 'python'
[7.027s] Level 1:colcon.colcon_core.package_identification:_identify(.) by extensions ['python_setup_py']
[7.028s] Level 1:colcon.colcon_core.package_identification:_identify(.) by extension 'python_setup_py'
[7.030s] Level 1:colcon.colcon_core.package_identification:_identify(bilder) by extensions ['ignore', 'ignore_ament_install']
[7.031s] Level 1:colcon.colcon_core.package_identification:_identify(bilder) by extension 'ignore'
[7.031s] Level 1:colcon.colcon_core.package_identification:_identify(bilder) by extension 'ignore_ament_install'
[7.031s] Level 1:colcon.colcon_core.package_identification:_identify(bilder) by extensions ['colcon_pkg']
[7.032s] Level 1:colcon.colcon_core.package_identification:_identify(bilder) by extension 'colcon_pkg'
[7.032s] Level 1:colcon.colcon_core.package_identification:_identify(bilder) by extensions ['colcon_meta']
[7.032s] Level 1:colcon.colcon_core.package_identification:_identify(bilder) by extension 'colcon_meta'
[7.032s] Level 1:colcon.colcon_core.package_identification:_identify(bilder) by extensions ['ros']
[7.033s] Level 1:colcon.colcon_core.package_identification:_identify(bilder) by extension 'ros'
[7.033s] Level 1:colcon.colcon_core.package_identification:_identify(bilder) by extensions ['cmake', 'python']
[7.034s] Level 1:colcon.colcon_core.package_identification:_identify(bilder) by extension 'cmake'
[7.034s] Level 1:colcon.colcon_core.package_identification:_identify(bilder) by extension 'python'
[7.034s] Level 1:colcon.colcon_core.package_identification:_identify(bilder) by extensions ['python_setup_py']
[7.034s] Level 1:colcon.colcon_core.package_identification:_identify(bilder) by extension 'python_setup_py'
[7.035s] Level 1:colcon.colcon_core.package_identification:_identify(build) by extensions ['ignore', 'ignore_ament_install']
[7.035s] Level 1:colcon.colcon_core.package_identification:_identify(build) by extension 'ignore'
[7.036s] Level 1:colcon.colcon_core.package_identification:_identify(build) ignored
[7.036s] Level 1:colcon.colcon_core.package_identification:_identify(install) by extensions ['ignore', 'ignore_ament_install']
[7.037s] Level 1:colcon.colcon_core.package_identification:_identify(install) by extension 'ignore'
[7.037s] Level 1:colcon.colcon_core.package_identification:_identify(install) ignored
[7.040s] Level 1:colcon.colcon_core.package_identification:_identify(log) by extensions ['ignore', 'ignore_ament_install']
[7.040s] Level 1:colcon.colcon_core.package_identification:_identify(log) by extension 'ignore'
[7.041s] Level 1:colcon.colcon_core.package_identification:_identify(log) ignored
[7.042s] Level 1:colcon.colcon_core.package_identification:_identify(my_image_processing) by extensions ['ignore', 'ignore_ament_install']
[7.042s] Level 1:colcon.colcon_core.package_identification:_identify(my_image_processing) by extension 'ignore'
[7.043s] Level 1:colcon.colcon_core.package_identification:_identify(my_image_processing) by extension 'ignore_ament_install'
[7.043s] Level 1:colcon.colcon_core.package_identification:_identify(my_image_processing) by extensions ['colcon_pkg']
[7.043s] Level 1:colcon.colcon_core.package_identification:_identify(my_image_processing) by extension 'colcon_pkg'
[7.044s] Level 1:colcon.colcon_core.package_identification:_identify(my_image_processing) by extensions ['colcon_meta']
[7.044s] Level 1:colcon.colcon_core.package_identification:_identify(my_image_processing) by extension 'colcon_meta'
[7.044s] Level 1:colcon.colcon_core.package_identification:_identify(my_image_processing) by extensions ['ros']
[7.044s] Level 1:colcon.colcon_core.package_identification:_identify(my_image_processing) by extension 'ros'
[7.061s] DEBUG:colcon.colcon_core.package_identification:Package 'my_image_processing' with type 'ros.ament_python' and name 'my_image_processing'
[7.061s] Level 1:colcon.colcon_core.package_discovery:discover_packages(recursive) using defaults
[7.062s] Level 1:colcon.colcon_core.package_discovery:discover_packages(ignore) discover
[7.062s] Level 1:colcon.colcon_core.package_discovery:discover_packages(ignore) using defaults
[7.062s] Level 1:colcon.colcon_core.package_discovery:discover_packages(path) discover
[7.062s] Level 1:colcon.colcon_core.package_discovery:discover_packages(path) using defaults
[7.777s] Level 1:colcon.colcon_core.package_discovery:discover_packages(prefix_path) check parameters
[7.777s] Level 1:colcon.colcon_core.package_discovery:discover_packages(prefix_path) discover
[7.925s] DEBUG:colcon.colcon_installed_package_information.package_discovery:Found 1 installed packages in /home/stereocamera/ros2_stereo_camera_analyse/install
[7.992s] DEBUG:colcon.colcon_installed_package_information.package_discovery:Found 1 installed packages in /home/stereocamera/ros2_3D/install
[8.059s] DEBUG:colcon.colcon_installed_package_information.package_discovery:Found 1 installed packages in /home/stereocamera/ros2_gui/install
[8.132s] DEBUG:colcon.colcon_installed_package_information.package_discovery:Found 273 installed packages in /opt/ros/humble
[8.138s] Level 1:colcon.colcon_core.package_discovery:discover_packages(prefix_path) using defaults
[8.558s] Level 5:colcon.colcon_core.verb:set package 'my_image_processing' build argument 'cmake_args' from command line to 'None'
[8.558s] Level 5:colcon.colcon_core.verb:set package 'my_image_processing' build argument 'cmake_target' from command line to 'None'
[8.558s] Level 5:colcon.colcon_core.verb:set package 'my_image_processing' build argument 'cmake_target_skip_unavailable' from command line to 'False'
[8.558s] Level 5:colcon.colcon_core.verb:set package 'my_image_processing' build argument 'cmake_clean_cache' from command line to 'False'
[8.559s] Level 5:colcon.colcon_core.verb:set package 'my_image_processing' build argument 'cmake_clean_first' from command line to 'False'
[8.559s] Level 5:colcon.colcon_core.verb:set package 'my_image_processing' build argument 'cmake_force_configure' from command line to 'False'
[8.559s] Level 5:colcon.colcon_core.verb:set package 'my_image_processing' build argument 'ament_cmake_args' from command line to 'None'
[8.559s] Level 5:colcon.colcon_core.verb:set package 'my_image_processing' build argument 'catkin_cmake_args' from command line to 'None'
[8.559s] Level 5:colcon.colcon_core.verb:set package 'my_image_processing' build argument 'catkin_skip_building_tests' from command line to 'False'
[8.559s] DEBUG:colcon.colcon_core.verb:Building package 'my_image_processing' with the following arguments: {'ament_cmake_args': None, 'build_base': '/home/stereocamera/ros2_stereo_camera_analyse/build/my_image_processing', 'catkin_cmake_args': None, 'catkin_skip_building_tests': False, 'cmake_args': None, 'cmake_clean_cache': False, 'cmake_clean_first': False, 'cmake_force_configure': False, 'cmake_target': None, 'cmake_target_skip_unavailable': False, 'install_base': '/home/stereocamera/ros2_stereo_camera_analyse/install/my_image_processing', 'merge_install': False, 'path': '/home/stereocamera/ros2_stereo_camera_analyse/my_image_processing', 'symlink_install': False, 'test_result_base': None}
[8.625s] INFO:colcon.colcon_core.executor:Executing jobs using 'parallel' executor
[8.694s] DEBUG:colcon.colcon_parallel_executor.executor.parallel:run_until_complete
[8.695s] INFO:colcon.colcon_ros.task.ament_python.build:Building ROS package in '/home/stereocamera/ros2_stereo_camera_analyse/my_image_processing' with build type 'ament_python'
[8.695s] Level 1:colcon.colcon_core.shell:create_environment_hook('my_image_processing', 'ament_prefix_path')
[8.792s] INFO:colcon.colcon_core.plugin_system:Skipping extension 'colcon_core.shell.bat': Not used on non-Windows systems
[8.793s] INFO:colcon.colcon_core.shell:Creating environment hook '/home/stereocamera/ros2_stereo_camera_analyse/install/my_image_processing/share/my_image_processing/hook/ament_prefix_path.ps1'
[8.798s] INFO:colcon.colcon_core.shell:Creating environment descriptor '/home/stereocamera/ros2_stereo_camera_analyse/install/my_image_processing/share/my_image_processing/hook/ament_prefix_path.dsv'
[8.801s] INFO:colcon.colcon_core.shell:Creating environment hook '/home/stereocamera/ros2_stereo_camera_analyse/install/my_image_processing/share/my_image_processing/hook/ament_prefix_path.sh'
[8.884s] INFO:colcon.colcon_core.shell:Skip shell extension 'powershell' for command environment: Not usable outside of PowerShell
[8.884s] DEBUG:colcon.colcon_core.shell:Skip shell extension 'dsv' for command environment
[10.540s] INFO:colcon.colcon_core.task.python.build:Building Python package in '/home/stereocamera/ros2_stereo_camera_analyse/my_image_processing'
[10.612s] INFO:colcon.colcon_core.shell:Skip shell extension 'powershell' for command environment: Not usable outside of PowerShell
[10.613s] DEBUG:colcon.colcon_core.shell:Skip shell extension 'dsv' for command environment
[12.769s] DEBUG:colcon.colcon_core.event_handler.log_command:Invoking command in '/home/stereocamera/ros2_stereo_camera_analyse/my_image_processing': PYTHONPATH=/home/stereocamera/ros2_stereo_camera_analyse/build/my_image_processing/prefix_override:/home/stereocamera/ros2_stereo_camera_analyse/install/my_image_processing/lib/python3.10/site-packages:${PYTHONPATH} /usr/bin/python3 setup.py egg_info --egg-base ../build/my_image_processing build --build-base /home/stereocamera/ros2_stereo_camera_analyse/build/my_image_processing/build install --record /home/stereocamera/ros2_stereo_camera_analyse/build/my_image_processing/install.log --single-version-externally-managed
[14.274s] DEBUG:colcon.colcon_core.event_handler.log_command:Invoked command in '/home/stereocamera/ros2_stereo_camera_analyse/my_image_processing' returned '0': PYTHONPATH=/home/stereocamera/ros2_stereo_camera_analyse/build/my_image_processing/prefix_override:/home/stereocamera/ros2_stereo_camera_analyse/install/my_image_processing/lib/python3.10/site-packages:${PYTHONPATH} /usr/bin/python3 setup.py egg_info --egg-base ../build/my_image_processing build --build-base /home/stereocamera/ros2_stereo_camera_analyse/build/my_image_processing/build install --record /home/stereocamera/ros2_stereo_camera_analyse/build/my_image_processing/install.log --single-version-externally-managed
[14.398s] Level 1:colcon.colcon_core.environment:checking '/home/stereocamera/ros2_stereo_camera_analyse/install/my_image_processing' for CMake module files
[14.402s] Level 1:colcon.colcon_core.environment:checking '/home/stereocamera/ros2_stereo_camera_analyse/install/my_image_processing' for CMake config files
[14.407s] Level 1:colcon.colcon_core.environment:checking '/home/stereocamera/ros2_stereo_camera_analyse/install/my_image_processing/lib'
[14.408s] Level 1:colcon.colcon_core.environment:checking '/home/stereocamera/ros2_stereo_camera_analyse/install/my_image_processing/bin'
[14.409s] Level 1:colcon.colcon_core.environment:checking '/home/stereocamera/ros2_stereo_camera_analyse/install/my_image_processing/lib/pkgconfig/my_image_processing.pc'
[14.410s] Level 1:colcon.colcon_core.environment:checking '/home/stereocamera/ros2_stereo_camera_analyse/install/my_image_processing/lib/python3.10/site-packages'
[14.410s] Level 1:colcon.colcon_core.shell:create_environment_hook('my_image_processing', 'pythonpath')
[14.477s] INFO:colcon.colcon_core.shell:Creating environment hook '/home/stereocamera/ros2_stereo_camera_analyse/install/my_image_processing/share/my_image_processing/hook/pythonpath.ps1'
[14.479s] INFO:colcon.colcon_core.shell:Creating environment descriptor '/home/stereocamera/ros2_stereo_camera_analyse/install/my_image_processing/share/my_image_processing/hook/pythonpath.dsv'
[14.481s] INFO:colcon.colcon_core.shell:Creating environment hook '/home/stereocamera/ros2_stereo_camera_analyse/install/my_image_processing/share/my_image_processing/hook/pythonpath.sh'
[14.484s] Level 1:colcon.colcon_core.environment:checking '/home/stereocamera/ros2_stereo_camera_analyse/install/my_image_processing/bin'
[14.485s] Level 1:colcon.colcon_core.environment:create_environment_scripts_only(my_image_processing)
[14.559s] INFO:colcon.colcon_core.shell:Creating package script '/home/stereocamera/ros2_stereo_camera_analyse/install/my_image_processing/share/my_image_processing/package.ps1'
[14.564s] INFO:colcon.colcon_core.shell:Creating package descriptor '/home/stereocamera/ros2_stereo_camera_analyse/install/my_image_processing/share/my_image_processing/package.dsv'
[14.568s] INFO:colcon.colcon_core.shell:Creating package script '/home/stereocamera/ros2_stereo_camera_analyse/install/my_image_processing/share/my_image_processing/package.sh'
[14.572s] INFO:colcon.colcon_core.shell:Creating package script '/home/stereocamera/ros2_stereo_camera_analyse/install/my_image_processing/share/my_image_processing/package.bash'
[14.581s] INFO:colcon.colcon_core.shell:Creating package script '/home/stereocamera/ros2_stereo_camera_analyse/install/my_image_processing/share/my_image_processing/package.zsh'
[14.586s] Level 1:colcon.colcon_core.environment:create_file_with_runtime_dependencies(/home/stereocamera/ros2_stereo_camera_analyse/install/my_image_processing/share/colcon-core/packages/my_image_processing)
[14.589s] DEBUG:colcon.colcon_parallel_executor.executor.parallel:closing loop
[14.590s] DEBUG:colcon.colcon_parallel_executor.executor.parallel:loop closed
[14.591s] DEBUG:colcon.colcon_parallel_executor.executor.parallel:run_until_complete finished with '0'
[14.591s] DEBUG:colcon.colcon_core.event_reactor:joining thread
[14.696s] INFO:colcon.colcon_core.plugin_system:Skipping extension 'colcon_notification.desktop_notification.terminal_notifier': Not used on non-Darwin systems
[14.696s] INFO:colcon.colcon_core.plugin_system:Skipping extension 'colcon_notification.desktop_notification.win32': Not used on non-Windows systems
[14.696s] INFO:colcon.colcon_notification.desktop_notification:Sending desktop notification using 'notify2'
[14.767s] DEBUG:colcon.colcon_core.event_reactor:joined thread
[14.889s] INFO:colcon.colcon_core.shell:Creating prefix script '/home/stereocamera/ros2_stereo_camera_analyse/install/local_setup.ps1'
[14.911s] INFO:colcon.colcon_core.shell:Creating prefix util module '/home/stereocamera/ros2_stereo_camera_analyse/install/_local_setup_util_ps1.py'
[14.921s] INFO:colcon.colcon_core.shell:Creating prefix chain script '/home/stereocamera/ros2_stereo_camera_analyse/install/setup.ps1'
[15.004s] INFO:colcon.colcon_core.shell:Creating prefix script '/home/stereocamera/ros2_stereo_camera_analyse/install/local_setup.sh'
[15.008s] INFO:colcon.colcon_core.shell:Creating prefix util module '/home/stereocamera/ros2_stereo_camera_analyse/install/_local_setup_util_sh.py'
[15.010s] INFO:colcon.colcon_core.shell:Creating prefix chain script '/home/stereocamera/ros2_stereo_camera_analyse/install/setup.sh'
[15.084s] INFO:colcon.colcon_core.shell:Creating prefix script '/home/stereocamera/ros2_stereo_camera_analyse/install/local_setup.bash'
[15.087s] INFO:colcon.colcon_core.shell:Creating prefix chain script '/home/stereocamera/ros2_stereo_camera_analyse/install/setup.bash'
[15.169s] INFO:colcon.colcon_core.shell:Creating prefix script '/home/stereocamera/ros2_stereo_camera_analyse/install/local_setup.zsh'
[15.173s] INFO:colcon.colcon_core.shell:Creating prefix chain script '/home/stereocamera/ros2_stereo_camera_analyse/install/setup.zsh'
