[4.477s] Invoking command in '/home/niklas/ros2-stereo-camera-analyse/my_image_processing': PYTHONPATH=/home/niklas/ros2-stereo-camera-analyse/build/my_image_processing/prefix_override:/home/niklas/ros2-stereo-camera-analyse/install/my_image_processing/lib/python3.10/site-packages:${PYTHONPATH} /usr/bin/python3 setup.py egg_info --egg-base ../build/my_image_processing build --build-base /home/niklas/ros2-stereo-camera-analyse/build/my_image_processing/build install --record /home/niklas/ros2-stereo-camera-analyse/build/my_image_processing/install.log --single-version-externally-managed
[5.910s] running egg_info
[5.913s] writing ../build/my_image_processing/my_image_processing.egg-info/PKG-INFO
[5.914s] writing dependency_links to ../build/my_image_processing/my_image_processing.egg-info/dependency_links.txt
[5.915s] writing entry points to ../build/my_image_processing/my_image_processing.egg-info/entry_points.txt
[5.915s] writing requirements to ../build/my_image_processing/my_image_processing.egg-info/requires.txt
[5.916s] writing top-level names to ../build/my_image_processing/my_image_processing.egg-info/top_level.txt
[5.925s] reading manifest file '../build/my_image_processing/my_image_processing.egg-info/SOURCES.txt'
[5.929s] writing manifest file '../build/my_image_processing/my_image_processing.egg-info/SOURCES.txt'
[5.930s] running build
[5.930s] running build_py
[5.931s] copying my_image_processing/my_node.py -> /home/niklas/ros2-stereo-camera-analyse/build/my_image_processing/build/lib/my_image_processing
[5.933s] running install
[5.935s] running install_lib
[5.938s] copying /home/niklas/ros2-stereo-camera-analyse/build/my_image_processing/build/lib/my_image_processing/my_node.py -> /home/niklas/ros2-stereo-camera-analyse/install/my_image_processing/lib/python3.10/site-packages/my_image_processing
[5.942s] byte-compiling /home/niklas/ros2-stereo-camera-analyse/install/my_image_processing/lib/python3.10/site-packages/my_image_processing/my_node.py to my_node.cpython-310.pyc
[5.947s] running install_data
[5.950s] running install_egg_info
[5.956s] removing '/home/niklas/ros2-stereo-camera-analyse/install/my_image_processing/lib/python3.10/site-packages/my_image_processing-0.0.0-py3.10.egg-info' (and everything under it)
[5.958s] Copying ../build/my_image_processing/my_image_processing.egg-info to /home/niklas/ros2-stereo-camera-analyse/install/my_image_processing/lib/python3.10/site-packages/my_image_processing-0.0.0-py3.10.egg-info
[5.965s] running install_scripts
[6.055s] Installing image_node script to /home/niklas/ros2-stereo-camera-analyse/install/my_image_processing/lib/my_image_processing
[6.058s] writing list of installed files to '/home/niklas/ros2-stereo-camera-analyse/build/my_image_processing/install.log'
[6.214s] Invoked command in '/home/niklas/ros2-stereo-camera-analyse/my_image_processing' returned '0': PYTHONPATH=/home/niklas/ros2-stereo-camera-analyse/build/my_image_processing/prefix_override:/home/niklas/ros2-stereo-camera-analyse/install/my_image_processing/lib/python3.10/site-packages:${PYTHONPATH} /usr/bin/python3 setup.py egg_info --egg-base ../build/my_image_processing build --build-base /home/niklas/ros2-stereo-camera-analyse/build/my_image_processing/build install --record /home/niklas/ros2-stereo-camera-analyse/build/my_image_processing/install.log --single-version-externally-managed
