running egg_info
writing ../build/my_image_processing/my_image_processing.egg-info/PKG-INFO
writing dependency_links to ../build/my_image_processing/my_image_processing.egg-info/dependency_links.txt
writing entry points to ../build/my_image_processing/my_image_processing.egg-info/entry_points.txt
writing requirements to ../build/my_image_processing/my_image_processing.egg-info/requires.txt
writing top-level names to ../build/my_image_processing/my_image_processing.egg-info/top_level.txt
reading manifest file '../build/my_image_processing/my_image_processing.egg-info/SOURCES.txt'
writing manifest file '../build/my_image_processing/my_image_processing.egg-info/SOURCES.txt'
running build
running build_py
copying my_image_processing/my_point_cloud.py -> /home/niklas/ros2-stereo-camera-analyse/build/my_image_processing/build/lib/my_image_processing
running install
running install_lib
copying /home/niklas/ros2-stereo-camera-analyse/build/my_image_processing/build/lib/my_image_processing/my_point_cloud.py -> /home/niklas/ros2-stereo-camera-analyse/install/my_image_processing/lib/python3.10/site-packages/my_image_processing
byte-compiling /home/niklas/ros2-stereo-camera-analyse/install/my_image_processing/lib/python3.10/site-packages/my_image_processing/my_point_cloud.py to my_point_cloud.cpython-310.pyc
running install_data
running install_egg_info
removing '/home/niklas/ros2-stereo-camera-analyse/install/my_image_processing/lib/python3.10/site-packages/my_image_processing-0.0.0-py3.10.egg-info' (and everything under it)
Copying ../build/my_image_processing/my_image_processing.egg-info to /home/niklas/ros2-stereo-camera-analyse/install/my_image_processing/lib/python3.10/site-packages/my_image_processing-0.0.0-py3.10.egg-info
running install_scripts
Installing image_node=my_image_processing.my_node:mainpiont_cloud_node script to /home/niklas/ros2-stereo-camera-analyse/install/my_image_processing/lib/my_image_processing
writing list of installed files to '/home/niklas/ros2-stereo-camera-analyse/build/my_image_processing/install.log'
