[3.319s] Invoking command in '/home/stereocamera/ros2_stereo_camera_analyse/my_image_processing': PYTHONPATH=/home/stereocamera/ros2_stereo_camera_analyse/build/my_image_processing/prefix_override:/home/stereocamera/ros2_stereo_camera_analyse/install/my_image_processing/lib/python3.10/site-packages:${PYTHONPATH} /usr/bin/python3 setup.py egg_info --egg-base ../build/my_image_processing build --build-base /home/stereocamera/ros2_stereo_camera_analyse/build/my_image_processing/build install --record /home/stereocamera/ros2_stereo_camera_analyse/build/my_image_processing/install.log --single-version-externally-managed
[4.457s] running egg_info
[4.461s] writing ../build/my_image_processing/my_image_processing.egg-info/PKG-INFO
[4.463s] writing dependency_links to ../build/my_image_processing/my_image_processing.egg-info/dependency_links.txt
[4.464s] writing entry points to ../build/my_image_processing/my_image_processing.egg-info/entry_points.txt
[4.466s] writing requirements to ../build/my_image_processing/my_image_processing.egg-info/requires.txt
[4.467s] writing top-level names to ../build/my_image_processing/my_image_processing.egg-info/top_level.txt
[4.476s] reading manifest file '../build/my_image_processing/my_image_processing.egg-info/SOURCES.txt'
[4.480s] writing manifest file '../build/my_image_processing/my_image_processing.egg-info/SOURCES.txt'
[4.480s] running build
[4.481s] running build_py
[4.484s] running install
[4.485s] running install_lib
[4.492s] running install_data
[4.495s] running install_egg_info
[4.501s] removing '/home/stereocamera/ros2_stereo_camera_analyse/install/my_image_processing/lib/python3.10/site-packages/my_image_processing-0.0.0-py3.10.egg-info' (and everything under it)
[4.503s] Copying ../build/my_image_processing/my_image_processing.egg-info to /home/stereocamera/ros2_stereo_camera_analyse/install/my_image_processing/lib/python3.10/site-packages/my_image_processing-0.0.0-py3.10.egg-info
[4.509s] running install_scripts
[4.586s] Installing image_node script to /home/stereocamera/ros2_stereo_camera_analyse/install/my_image_processing/lib/my_image_processing
[4.588s] writing list of installed files to '/home/stereocamera/ros2_stereo_camera_analyse/build/my_image_processing/install.log'
[4.718s] Invoked command in '/home/stereocamera/ros2_stereo_camera_analyse/my_image_processing' returned '0': PYTHONPATH=/home/stereocamera/ros2_stereo_camera_analyse/build/my_image_processing/prefix_override:/home/stereocamera/ros2_stereo_camera_analyse/install/my_image_processing/lib/python3.10/site-packages:${PYTHONPATH} /usr/bin/python3 setup.py egg_info --egg-base ../build/my_image_processing build --build-base /home/stereocamera/ros2_stereo_camera_analyse/build/my_image_processing/build install --record /home/stereocamera/ros2_stereo_camera_analyse/build/my_image_processing/install.log --single-version-externally-managed
