[4.193s] Invoking command in '/home/stereocamera/ros2_stereo_camera_analyse/my_image_processing': PYTHONPATH=/home/stereocamera/ros2_stereo_camera_analyse/build/my_image_processing/prefix_override:/home/stereocamera/ros2_stereo_camera_analyse/install/my_image_processing/lib/python3.10/site-packages:${PYTHONPATH} /usr/bin/python3 setup.py egg_info --egg-base ../build/my_image_processing build --build-base /home/stereocamera/ros2_stereo_camera_analyse/build/my_image_processing/build install --record /home/stereocamera/ros2_stereo_camera_analyse/build/my_image_processing/install.log --single-version-externally-managed
[5.423s] running egg_info
[5.426s] writing ../build/my_image_processing/my_image_processing.egg-info/PKG-INFO
[5.428s] writing dependency_links to ../build/my_image_processing/my_image_processing.egg-info/dependency_links.txt
[5.429s] writing entry points to ../build/my_image_processing/my_image_processing.egg-info/entry_points.txt
[5.430s] writing requirements to ../build/my_image_processing/my_image_processing.egg-info/requires.txt
[5.430s] writing top-level names to ../build/my_image_processing/my_image_processing.egg-info/top_level.txt
[5.439s] reading manifest file '../build/my_image_processing/my_image_processing.egg-info/SOURCES.txt'
[5.444s] writing manifest file '../build/my_image_processing/my_image_processing.egg-info/SOURCES.txt'
[5.444s] running build
[5.445s] running build_py
[5.445s] copying my_image_processing/my_node.py -> /home/stereocamera/ros2_stereo_camera_analyse/build/my_image_processing/build/lib/my_image_processing
[5.448s] running install
[5.449s] running install_lib
[5.453s] copying /home/stereocamera/ros2_stereo_camera_analyse/build/my_image_processing/build/lib/my_image_processing/my_node.py -> /home/stereocamera/ros2_stereo_camera_analyse/install/my_image_processing/lib/python3.10/site-packages/my_image_processing
[5.457s] byte-compiling /home/stereocamera/ros2_stereo_camera_analyse/install/my_image_processing/lib/python3.10/site-packages/my_image_processing/my_node.py to my_node.cpython-310.pyc
[5.461s] running install_data
[5.464s] running install_egg_info
[5.477s] removing '/home/stereocamera/ros2_stereo_camera_analyse/install/my_image_processing/lib/python3.10/site-packages/my_image_processing-0.0.0-py3.10.egg-info' (and everything under it)
[5.478s] Copying ../build/my_image_processing/my_image_processing.egg-info to /home/stereocamera/ros2_stereo_camera_analyse/install/my_image_processing/lib/python3.10/site-packages/my_image_processing-0.0.0-py3.10.egg-info
[5.483s] running install_scripts
[5.566s] Installing image_node script to /home/stereocamera/ros2_stereo_camera_analyse/install/my_image_processing/lib/my_image_processing
[5.569s] writing list of installed files to '/home/stereocamera/ros2_stereo_camera_analyse/build/my_image_processing/install.log'
[5.717s] Invoked command in '/home/stereocamera/ros2_stereo_camera_analyse/my_image_processing' returned '0': PYTHONPATH=/home/stereocamera/ros2_stereo_camera_analyse/build/my_image_processing/prefix_override:/home/stereocamera/ros2_stereo_camera_analyse/install/my_image_processing/lib/python3.10/site-packages:${PYTHONPATH} /usr/bin/python3 setup.py egg_info --egg-base ../build/my_image_processing build --build-base /home/stereocamera/ros2_stereo_camera_analyse/build/my_image_processing/build install --record /home/stereocamera/ros2_stereo_camera_analyse/build/my_image_processing/install.log --single-version-externally-managed
