/home/niklas/ros2-stereo-camera-analyse/install/my_image_processing/lib/python3.10/site-packages/my_image_processing/my_node.py
/home/niklas/ros2-stereo-camera-analyse/install/my_image_processing/lib/python3.10/site-packages/my_image_processing/my_point_cloud.py
/home/niklas/ros2-stereo-camera-analyse/install/my_image_processing/lib/python3.10/site-packages/my_image_processing/pointcloud2.py
/home/niklas/ros2-stereo-camera-analyse/install/my_image_processing/lib/python3.10/site-packages/my_image_processing/visual_point_cloud.py
/home/niklas/ros2-stereo-camera-analyse/install/my_image_processing/lib/python3.10/site-packages/my_image_processing/__init__.py
/home/niklas/ros2-stereo-camera-analyse/install/my_image_processing/lib/python3.10/site-packages/my_image_processing/bildverarbeitung.py
/home/niklas/ros2-stereo-camera-analyse/install/my_image_processing/lib/python3.10/site-packages/my_image_processing/__pycache__/my_node.cpython-310.pyc
/home/niklas/ros2-stereo-camera-analyse/install/my_image_processing/lib/python3.10/site-packages/my_image_processing/__pycache__/my_point_cloud.cpython-310.pyc
/home/niklas/ros2-stereo-camera-analyse/install/my_image_processing/lib/python3.10/site-packages/my_image_processing/__pycache__/pointcloud2.cpython-310.pyc
/home/niklas/ros2-stereo-camera-analyse/install/my_image_processing/lib/python3.10/site-packages/my_image_processing/__pycache__/visual_point_cloud.cpython-310.pyc
/home/niklas/ros2-stereo-camera-analyse/install/my_image_processing/lib/python3.10/site-packages/my_image_processing/__pycache__/__init__.cpython-310.pyc
/home/niklas/ros2-stereo-camera-analyse/install/my_image_processing/lib/python3.10/site-packages/my_image_processing/__pycache__/bildverarbeitung.cpython-310.pyc
/home/niklas/ros2-stereo-camera-analyse/install/my_image_processing/share/ament_index/resource_index/packages/my_image_processing
/home/niklas/ros2-stereo-camera-analyse/install/my_image_processing/share/my_image_processing/package.xml
/home/niklas/ros2-stereo-camera-analyse/install/my_image_processing/lib/python3.10/site-packages/my_image_processing-0.0.0-py3.10.egg-info/dependency_links.txt
/home/niklas/ros2-stereo-camera-analyse/install/my_image_processing/lib/python3.10/site-packages/my_image_processing-0.0.0-py3.10.egg-info/SOURCES.txt
/home/niklas/ros2-stereo-camera-analyse/install/my_image_processing/lib/python3.10/site-packages/my_image_processing-0.0.0-py3.10.egg-info/entry_points.txt
/home/niklas/ros2-stereo-camera-analyse/install/my_image_processing/lib/python3.10/site-packages/my_image_processing-0.0.0-py3.10.egg-info/top_level.txt
/home/niklas/ros2-stereo-camera-analyse/install/my_image_processing/lib/python3.10/site-packages/my_image_processing-0.0.0-py3.10.egg-info/requires.txt
/home/niklas/ros2-stereo-camera-analyse/install/my_image_processing/lib/python3.10/site-packages/my_image_processing-0.0.0-py3.10.egg-info/PKG-INFO
/home/niklas/ros2-stereo-camera-analyse/install/my_image_processing/lib/python3.10/site-packages/my_image_processing-0.0.0-py3.10.egg-info/zip-safe
/home/niklas/ros2-stereo-camera-analyse/install/my_image_processing/lib/my_image_processing/image_node
