[7.274s] DEBUG:colcon:Command line arguments: ['/usr/bin/colcon', 'build']
[7.274s] DEBUG:colcon:Parsed command line arguments: Namespace(log_base=None, log_level=None, verb_name='build', build_base='build', install_base='install', merge_install=False, symlink_install=False, test_result_base=None, continue_on_error=False, executor='parallel', parallel_workers=4, event_handlers=None, ignore_user_meta=False, metas=['./colcon.meta'], base_paths=['.'], packages_ignore=None, packages_ignore_regex=None, paths=None, packages_up_to=None, packages_up_to_regex=None, packages_above=None, packages_above_and_dependencies=None, packages_above_depth=None, packages_select_by_dep=None, packages_skip_by_dep=None, packages_skip_up_to=None, packages_select_build_failed=False, packages_skip_build_finished=False, packages_select_test_failures=False, packages_skip_test_passed=False, packages_select=None, packages_skip=None, packages_select_regex=None, packages_skip_regex=None, packages_start=None, packages_end=None, allow_overriding=[], cmake_args=None, cmake_target=None, cmake_target_skip_unavailable=False, cmake_clean_cache=False, cmake_clean_first=False, cmake_force_configure=False, ament_cmake_args=None, catkin_cmake_args=None, catkin_skip_building_tests=False, verb_parser=<colcon_defaults.argument_parser.defaults.DefaultArgumentsDecorator object at 0xffffb8a13100>, verb_extension=<colcon_core.verb.build.BuildVerb object at 0xffffb8ca81c0>, main=<bound method BuildVerb.main of <colcon_core.verb.build.BuildVerb object at 0xffffb8ca81c0>>)
[7.505s] Level 1:colcon.colcon_core.package_discovery:discover_packages(colcon_meta) check parameters
[7.505s] Level 1:colcon.colcon_core.package_discovery:discover_packages(recursive) check parameters
[7.505s] Level 1:colcon.colcon_core.package_discovery:discover_packages(ignore) check parameters
[7.505s] Level 1:colcon.colcon_core.package_discovery:discover_packages(path) check parameters
[7.506s] Level 1:colcon.colcon_core.package_discovery:discover_packages(colcon_meta) discover
[7.506s] Level 1:colcon.colcon_core.package_discovery:discover_packages(recursive) discover
[7.506s] INFO:colcon.colcon_core.package_discovery:Crawling recursively for packages in '/home/niklas/ros2-stereo-camera-analyse'
[7.506s] Level 1:colcon.colcon_core.package_identification:_identify(.) by extensions ['ignore', 'ignore_ament_install']
[7.507s] Level 1:colcon.colcon_core.package_identification:_identify(.) by extension 'ignore'
[7.507s] Level 1:colcon.colcon_core.package_identification:_identify(.) by extension 'ignore_ament_install'
[7.508s] Level 1:colcon.colcon_core.package_identification:_identify(.) by extensions ['colcon_pkg']
[7.508s] Level 1:colcon.colcon_core.package_identification:_identify(.) by extension 'colcon_pkg'
[7.508s] Level 1:colcon.colcon_core.package_identification:_identify(.) by extensions ['colcon_meta']
[7.508s] Level 1:colcon.colcon_core.package_identification:_identify(.) by extension 'colcon_meta'
[7.508s] Level 1:colcon.colcon_core.package_identification:_identify(.) by extensions ['ros']
[7.508s] Level 1:colcon.colcon_core.package_identification:_identify(.) by extension 'ros'
[7.557s] Level 1:colcon.colcon_core.package_identification:_identify(.) by extensions ['cmake', 'python']
[7.557s] Level 1:colcon.colcon_core.package_identification:_identify(.) by extension 'cmake'
[7.557s] Level 1:colcon.colcon_core.package_identification:_identify(.) by extension 'python'
[7.558s] Level 1:colcon.colcon_core.package_identification:_identify(.) by extensions ['python_setup_py']
[7.558s] Level 1:colcon.colcon_core.package_identification:_identify(.) by extension 'python_setup_py'
[7.558s] Level 1:colcon.colcon_core.package_identification:_identify(bilder) by extensions ['ignore', 'ignore_ament_install']
[7.559s] Level 1:colcon.colcon_core.package_identification:_identify(bilder) by extension 'ignore'
[7.559s] Level 1:colcon.colcon_core.package_identification:_identify(bilder) by extension 'ignore_ament_install'
[7.559s] Level 1:colcon.colcon_core.package_identification:_identify(bilder) by extensions ['colcon_pkg']
[7.560s] Level 1:colcon.colcon_core.package_identification:_identify(bilder) by extension 'colcon_pkg'
[7.560s] Level 1:colcon.colcon_core.package_identification:_identify(bilder) by extensions ['colcon_meta']
[7.560s] Level 1:colcon.colcon_core.package_identification:_identify(bilder) by extension 'colcon_meta'
[7.560s] Level 1:colcon.colcon_core.package_identification:_identify(bilder) by extensions ['ros']
[7.560s] Level 1:colcon.colcon_core.package_identification:_identify(bilder) by extension 'ros'
[7.561s] Level 1:colcon.colcon_core.package_identification:_identify(bilder) by extensions ['cmake', 'python']
[7.561s] Level 1:colcon.colcon_core.package_identification:_identify(bilder) by extension 'cmake'
[7.561s] Level 1:colcon.colcon_core.package_identification:_identify(bilder) by extension 'python'
[7.561s] Level 1:colcon.colcon_core.package_identification:_identify(bilder) by extensions ['python_setup_py']
[7.561s] Level 1:colcon.colcon_core.package_identification:_identify(bilder) by extension 'python_setup_py'
[7.562s] Level 1:colcon.colcon_core.package_identification:_identify(build) by extensions ['ignore', 'ignore_ament_install']
[7.562s] Level 1:colcon.colcon_core.package_identification:_identify(build) by extension 'ignore'
[7.562s] Level 1:colcon.colcon_core.package_identification:_identify(build) ignored
[7.563s] Level 1:colcon.colcon_core.package_identification:_identify(install) by extensions ['ignore', 'ignore_ament_install']
[7.564s] Level 1:colcon.colcon_core.package_identification:_identify(install) by extension 'ignore'
[7.564s] Level 1:colcon.colcon_core.package_identification:_identify(install) ignored
[7.566s] Level 1:colcon.colcon_core.package_identification:_identify(log) by extensions ['ignore', 'ignore_ament_install']
[7.566s] Level 1:colcon.colcon_core.package_identification:_identify(log) by extension 'ignore'
[7.567s] Level 1:colcon.colcon_core.package_identification:_identify(log) ignored
[7.567s] Level 1:colcon.colcon_core.package_identification:_identify(my_image_processing) by extensions ['ignore', 'ignore_ament_install']
[7.568s] Level 1:colcon.colcon_core.package_identification:_identify(my_image_processing) by extension 'ignore'
[7.568s] Level 1:colcon.colcon_core.package_identification:_identify(my_image_processing) by extension 'ignore_ament_install'
[7.569s] Level 1:colcon.colcon_core.package_identification:_identify(my_image_processing) by extensions ['colcon_pkg']
[7.569s] Level 1:colcon.colcon_core.package_identification:_identify(my_image_processing) by extension 'colcon_pkg'
[7.570s] Level 1:colcon.colcon_core.package_identification:_identify(my_image_processing) by extensions ['colcon_meta']
[7.570s] Level 1:colcon.colcon_core.package_identification:_identify(my_image_processing) by extension 'colcon_meta'
[7.570s] Level 1:colcon.colcon_core.package_identification:_identify(my_image_processing) by extensions ['ros']
[7.570s] Level 1:colcon.colcon_core.package_identification:_identify(my_image_processing) by extension 'ros'
[7.583s] DEBUG:colcon.colcon_core.package_identification:Package 'my_image_processing' with type 'ros.ament_python' and name 'my_image_processing'
[7.584s] Level 1:colcon.colcon_core.package_identification:_identify(src) by extensions ['ignore', 'ignore_ament_install']
[7.585s] Level 1:colcon.colcon_core.package_identification:_identify(src) by extension 'ignore'
[7.585s] Level 1:colcon.colcon_core.package_identification:_identify(src) by extension 'ignore_ament_install'
[7.585s] Level 1:colcon.colcon_core.package_identification:_identify(src) by extensions ['colcon_pkg']
[7.585s] Level 1:colcon.colcon_core.package_identification:_identify(src) by extension 'colcon_pkg'
[7.586s] Level 1:colcon.colcon_core.package_identification:_identify(src) by extensions ['colcon_meta']
[7.586s] Level 1:colcon.colcon_core.package_identification:_identify(src) by extension 'colcon_meta'
[7.586s] Level 1:colcon.colcon_core.package_identification:_identify(src) by extensions ['ros']
[7.586s] Level 1:colcon.colcon_core.package_identification:_identify(src) by extension 'ros'
[7.586s] Level 1:colcon.colcon_core.package_identification:_identify(src) by extensions ['cmake', 'python']
[7.587s] Level 1:colcon.colcon_core.package_identification:_identify(src) by extension 'cmake'
[7.587s] Level 1:colcon.colcon_core.package_identification:_identify(src) by extension 'python'
[7.587s] Level 1:colcon.colcon_core.package_identification:_identify(src) by extensions ['python_setup_py']
[7.587s] Level 1:colcon.colcon_core.package_identification:_identify(src) by extension 'python_setup_py'
[7.588s] Level 1:colcon.colcon_core.package_discovery:discover_packages(recursive) using defaults
[7.588s] Level 1:colcon.colcon_core.package_discovery:discover_packages(ignore) discover
[7.588s] Level 1:colcon.colcon_core.package_discovery:discover_packages(ignore) using defaults
[7.588s] Level 1:colcon.colcon_core.package_discovery:discover_packages(path) discover
[7.588s] Level 1:colcon.colcon_core.package_discovery:discover_packages(path) using defaults
[8.203s] Level 1:colcon.colcon_core.package_discovery:discover_packages(prefix_path) check parameters
[8.204s] Level 1:colcon.colcon_core.package_discovery:discover_packages(prefix_path) discover
[8.361s] DEBUG:colcon.colcon_installed_package_information.package_discovery:Found 1 installed packages in /home/niklas/ros2-stereo-camera-analyse/install
[8.484s] DEBUG:colcon.colcon_installed_package_information.package_discovery:Found 273 installed packages in /opt/ros/humble
[8.490s] Level 1:colcon.colcon_core.package_discovery:discover_packages(prefix_path) using defaults
[8.928s] Level 5:colcon.colcon_core.verb:set package 'my_image_processing' build argument 'cmake_args' from command line to 'None'
[8.929s] Level 5:colcon.colcon_core.verb:set package 'my_image_processing' build argument 'cmake_target' from command line to 'None'
[8.929s] Level 5:colcon.colcon_core.verb:set package 'my_image_processing' build argument 'cmake_target_skip_unavailable' from command line to 'False'
[8.929s] Level 5:colcon.colcon_core.verb:set package 'my_image_processing' build argument 'cmake_clean_cache' from command line to 'False'
[8.929s] Level 5:colcon.colcon_core.verb:set package 'my_image_processing' build argument 'cmake_clean_first' from command line to 'False'
[8.929s] Level 5:colcon.colcon_core.verb:set package 'my_image_processing' build argument 'cmake_force_configure' from command line to 'False'
[8.929s] Level 5:colcon.colcon_core.verb:set package 'my_image_processing' build argument 'ament_cmake_args' from command line to 'None'
[8.929s] Level 5:colcon.colcon_core.verb:set package 'my_image_processing' build argument 'catkin_cmake_args' from command line to 'None'
[8.929s] Level 5:colcon.colcon_core.verb:set package 'my_image_processing' build argument 'catkin_skip_building_tests' from command line to 'False'
[8.930s] DEBUG:colcon.colcon_core.verb:Building package 'my_image_processing' with the following arguments: {'ament_cmake_args': None, 'build_base': '/home/niklas/ros2-stereo-camera-analyse/build/my_image_processing', 'catkin_cmake_args': None, 'catkin_skip_building_tests': False, 'cmake_args': None, 'cmake_clean_cache': False, 'cmake_clean_first': False, 'cmake_force_configure': False, 'cmake_target': None, 'cmake_target_skip_unavailable': False, 'install_base': '/home/niklas/ros2-stereo-camera-analyse/install/my_image_processing', 'merge_install': False, 'path': '/home/niklas/ros2-stereo-camera-analyse/my_image_processing', 'symlink_install': False, 'test_result_base': None}
[9.005s] INFO:colcon.colcon_core.executor:Executing jobs using 'parallel' executor
[9.085s] DEBUG:colcon.colcon_parallel_executor.executor.parallel:run_until_complete
[9.086s] INFO:colcon.colcon_ros.task.ament_python.build:Building ROS package in '/home/niklas/ros2-stereo-camera-analyse/my_image_processing' with build type 'ament_python'
[9.087s] Level 1:colcon.colcon_core.shell:create_environment_hook('my_image_processing', 'ament_prefix_path')
[9.191s] INFO:colcon.colcon_core.plugin_system:Skipping extension 'colcon_core.shell.bat': Not used on non-Windows systems
[9.192s] INFO:colcon.colcon_core.shell:Creating environment hook '/home/niklas/ros2-stereo-camera-analyse/install/my_image_processing/share/my_image_processing/hook/ament_prefix_path.ps1'
[9.196s] INFO:colcon.colcon_core.shell:Creating environment descriptor '/home/niklas/ros2-stereo-camera-analyse/install/my_image_processing/share/my_image_processing/hook/ament_prefix_path.dsv'
[9.199s] INFO:colcon.colcon_core.shell:Creating environment hook '/home/niklas/ros2-stereo-camera-analyse/install/my_image_processing/share/my_image_processing/hook/ament_prefix_path.sh'
[9.296s] INFO:colcon.colcon_core.shell:Skip shell extension 'powershell' for command environment: Not usable outside of PowerShell
[9.297s] DEBUG:colcon.colcon_core.shell:Skip shell extension 'dsv' for command environment
[11.073s] INFO:colcon.colcon_core.task.python.build:Building Python package in '/home/niklas/ros2-stereo-camera-analyse/my_image_processing'
[11.160s] INFO:colcon.colcon_core.shell:Skip shell extension 'powershell' for command environment: Not usable outside of PowerShell
[11.160s] DEBUG:colcon.colcon_core.shell:Skip shell extension 'dsv' for command environment
[13.360s] DEBUG:colcon.colcon_core.event_handler.log_command:Invoking command in '/home/niklas/ros2-stereo-camera-analyse/my_image_processing': PYTHONPATH=/home/niklas/ros2-stereo-camera-analyse/build/my_image_processing/prefix_override:/home/niklas/ros2-stereo-camera-analyse/install/my_image_processing/lib/python3.10/site-packages:${PYTHONPATH} /usr/bin/python3 setup.py egg_info --egg-base ../build/my_image_processing build --build-base /home/niklas/ros2-stereo-camera-analyse/build/my_image_processing/build install --record /home/niklas/ros2-stereo-camera-analyse/build/my_image_processing/install.log --single-version-externally-managed
[15.040s] DEBUG:colcon.colcon_core.event_handler.log_command:Invoked command in '/home/niklas/ros2-stereo-camera-analyse/my_image_processing' returned '0': PYTHONPATH=/home/niklas/ros2-stereo-camera-analyse/build/my_image_processing/prefix_override:/home/niklas/ros2-stereo-camera-analyse/install/my_image_processing/lib/python3.10/site-packages:${PYTHONPATH} /usr/bin/python3 setup.py egg_info --egg-base ../build/my_image_processing build --build-base /home/niklas/ros2-stereo-camera-analyse/build/my_image_processing/build install --record /home/niklas/ros2-stereo-camera-analyse/build/my_image_processing/install.log --single-version-externally-managed
[15.137s] Level 1:colcon.colcon_core.environment:checking '/home/niklas/ros2-stereo-camera-analyse/install/my_image_processing' for CMake module files
[15.140s] Level 1:colcon.colcon_core.environment:checking '/home/niklas/ros2-stereo-camera-analyse/install/my_image_processing' for CMake config files
[15.144s] Level 1:colcon.colcon_core.environment:checking '/home/niklas/ros2-stereo-camera-analyse/install/my_image_processing/lib'
[15.146s] Level 1:colcon.colcon_core.environment:checking '/home/niklas/ros2-stereo-camera-analyse/install/my_image_processing/bin'
[15.146s] Level 1:colcon.colcon_core.environment:checking '/home/niklas/ros2-stereo-camera-analyse/install/my_image_processing/lib/pkgconfig/my_image_processing.pc'
[15.147s] Level 1:colcon.colcon_core.environment:checking '/home/niklas/ros2-stereo-camera-analyse/install/my_image_processing/lib/python3.10/site-packages'
[15.148s] Level 1:colcon.colcon_core.shell:create_environment_hook('my_image_processing', 'pythonpath')
[15.233s] INFO:colcon.colcon_core.shell:Creating environment hook '/home/niklas/ros2-stereo-camera-analyse/install/my_image_processing/share/my_image_processing/hook/pythonpath.ps1'
[15.235s] INFO:colcon.colcon_core.shell:Creating environment descriptor '/home/niklas/ros2-stereo-camera-analyse/install/my_image_processing/share/my_image_processing/hook/pythonpath.dsv'
[15.237s] INFO:colcon.colcon_core.shell:Creating environment hook '/home/niklas/ros2-stereo-camera-analyse/install/my_image_processing/share/my_image_processing/hook/pythonpath.sh'
[15.240s] Level 1:colcon.colcon_core.environment:checking '/home/niklas/ros2-stereo-camera-analyse/install/my_image_processing/bin'
[15.241s] Level 1:colcon.colcon_core.environment:create_environment_scripts_only(my_image_processing)
[15.325s] INFO:colcon.colcon_core.shell:Creating package script '/home/niklas/ros2-stereo-camera-analyse/install/my_image_processing/share/my_image_processing/package.ps1'
[15.329s] INFO:colcon.colcon_core.shell:Creating package descriptor '/home/niklas/ros2-stereo-camera-analyse/install/my_image_processing/share/my_image_processing/package.dsv'
[15.332s] INFO:colcon.colcon_core.shell:Creating package script '/home/niklas/ros2-stereo-camera-analyse/install/my_image_processing/share/my_image_processing/package.sh'
[15.336s] INFO:colcon.colcon_core.shell:Creating package script '/home/niklas/ros2-stereo-camera-analyse/install/my_image_processing/share/my_image_processing/package.bash'
[15.339s] INFO:colcon.colcon_core.shell:Creating package script '/home/niklas/ros2-stereo-camera-analyse/install/my_image_processing/share/my_image_processing/package.zsh'
[15.342s] Level 1:colcon.colcon_core.environment:create_file_with_runtime_dependencies(/home/niklas/ros2-stereo-camera-analyse/install/my_image_processing/share/colcon-core/packages/my_image_processing)
[15.344s] DEBUG:colcon.colcon_parallel_executor.executor.parallel:closing loop
[15.345s] DEBUG:colcon.colcon_parallel_executor.executor.parallel:loop closed
[15.346s] DEBUG:colcon.colcon_parallel_executor.executor.parallel:run_until_complete finished with '0'
[15.346s] DEBUG:colcon.colcon_core.event_reactor:joining thread
[15.465s] INFO:colcon.colcon_core.plugin_system:Skipping extension 'colcon_notification.desktop_notification.terminal_notifier': Not used on non-Darwin systems
[15.465s] INFO:colcon.colcon_core.plugin_system:Skipping extension 'colcon_notification.desktop_notification.win32': Not used on non-Windows systems
[15.465s] INFO:colcon.colcon_notification.desktop_notification:Sending desktop notification using 'notify2'
[15.525s] DEBUG:colcon.colcon_core.event_reactor:joined thread
[15.647s] INFO:colcon.colcon_core.shell:Creating prefix script '/home/niklas/ros2-stereo-camera-analyse/install/local_setup.ps1'
[15.652s] INFO:colcon.colcon_core.shell:Creating prefix util module '/home/niklas/ros2-stereo-camera-analyse/install/_local_setup_util_ps1.py'
[15.659s] INFO:colcon.colcon_core.shell:Creating prefix chain script '/home/niklas/ros2-stereo-camera-analyse/install/setup.ps1'
[15.755s] INFO:colcon.colcon_core.shell:Creating prefix script '/home/niklas/ros2-stereo-camera-analyse/install/local_setup.sh'
[15.757s] INFO:colcon.colcon_core.shell:Creating prefix util module '/home/niklas/ros2-stereo-camera-analyse/install/_local_setup_util_sh.py'
[15.760s] INFO:colcon.colcon_core.shell:Creating prefix chain script '/home/niklas/ros2-stereo-camera-analyse/install/setup.sh'
[15.842s] INFO:colcon.colcon_core.shell:Creating prefix script '/home/niklas/ros2-stereo-camera-analyse/install/local_setup.bash'
[15.844s] INFO:colcon.colcon_core.shell:Creating prefix chain script '/home/niklas/ros2-stereo-camera-analyse/install/setup.bash'
[15.931s] INFO:colcon.colcon_core.shell:Creating prefix script '/home/niklas/ros2-stereo-camera-analyse/install/local_setup.zsh'
[15.934s] INFO:colcon.colcon_core.shell:Creating prefix chain script '/home/niklas/ros2-stereo-camera-analyse/install/setup.zsh'
