[5.154s] DEBUG:colcon:Command line arguments: ['/usr/bin/colcon', 'build']
[5.155s] DEBUG:colcon:Parsed command line arguments: Namespace(log_base=None, log_level=None, verb_name='build', build_base='build', install_base='install', merge_install=False, symlink_install=False, test_result_base=None, continue_on_error=False, executor='parallel', parallel_workers=4, event_handlers=None, ignore_user_meta=False, metas=['./colcon.meta'], base_paths=['.'], packages_ignore=None, packages_ignore_regex=None, paths=None, packages_up_to=None, packages_up_to_regex=None, packages_above=None, packages_above_and_dependencies=None, packages_above_depth=None, packages_select_by_dep=None, packages_skip_by_dep=None, packages_skip_up_to=None, packages_select_build_failed=False, packages_skip_build_finished=False, packages_select_test_failures=False, packages_skip_test_passed=False, packages_select=None, packages_skip=None, packages_select_regex=None, packages_skip_regex=None, packages_start=None, packages_end=None, allow_overriding=[], cmake_args=None, cmake_target=None, cmake_target_skip_unavailable=False, cmake_clean_cache=False, cmake_clean_first=False, cmake_force_configure=False, ament_cmake_args=None, catkin_cmake_args=None, catkin_skip_building_tests=False, verb_parser=<colcon_defaults.argument_parser.defaults.DefaultArgumentsDecorator object at 0xffffaddcb010>, verb_extension=<colcon_core.verb.build.BuildVerb object at 0xffffae075d50>, main=<bound method BuildVerb.main of <colcon_core.verb.build.BuildVerb object at 0xffffae075d50>>)
[5.376s] Level 1:colcon.colcon_core.package_discovery:discover_packages(colcon_meta) check parameters
[5.377s] Level 1:colcon.colcon_core.package_discovery:discover_packages(recursive) check parameters
[5.377s] Level 1:colcon.colcon_core.package_discovery:discover_packages(ignore) check parameters
[5.377s] Level 1:colcon.colcon_core.package_discovery:discover_packages(path) check parameters
[5.377s] Level 1:colcon.colcon_core.package_discovery:discover_packages(colcon_meta) discover
[5.378s] Level 1:colcon.colcon_core.package_discovery:discover_packages(recursive) discover
[5.378s] INFO:colcon.colcon_core.package_discovery:Crawling recursively for packages in '/home/niklas/ros2-stereo-camera-analyse'
[5.378s] Level 1:colcon.colcon_core.package_identification:_identify(.) by extensions ['ignore', 'ignore_ament_install']
[5.379s] Level 1:colcon.colcon_core.package_identification:_identify(.) by extension 'ignore'
[5.379s] Level 1:colcon.colcon_core.package_identification:_identify(.) by extension 'ignore_ament_install'
[5.379s] Level 1:colcon.colcon_core.package_identification:_identify(.) by extensions ['colcon_pkg']
[5.379s] Level 1:colcon.colcon_core.package_identification:_identify(.) by extension 'colcon_pkg'
[5.380s] Level 1:colcon.colcon_core.package_identification:_identify(.) by extensions ['colcon_meta']
[5.380s] Level 1:colcon.colcon_core.package_identification:_identify(.) by extension 'colcon_meta'
[5.380s] Level 1:colcon.colcon_core.package_identification:_identify(.) by extensions ['ros']
[5.380s] Level 1:colcon.colcon_core.package_identification:_identify(.) by extension 'ros'
[5.426s] Level 1:colcon.colcon_core.package_identification:_identify(.) by extensions ['cmake', 'python']
[5.427s] Level 1:colcon.colcon_core.package_identification:_identify(.) by extension 'cmake'
[5.427s] Level 1:colcon.colcon_core.package_identification:_identify(.) by extension 'python'
[5.427s] Level 1:colcon.colcon_core.package_identification:_identify(.) by extensions ['python_setup_py']
[5.427s] Level 1:colcon.colcon_core.package_identification:_identify(.) by extension 'python_setup_py'
[5.428s] Level 1:colcon.colcon_core.package_identification:_identify(bilder) by extensions ['ignore', 'ignore_ament_install']
[5.428s] Level 1:colcon.colcon_core.package_identification:_identify(bilder) by extension 'ignore'
[5.428s] Level 1:colcon.colcon_core.package_identification:_identify(bilder) by extension 'ignore_ament_install'
[5.429s] Level 1:colcon.colcon_core.package_identification:_identify(bilder) by extensions ['colcon_pkg']
[5.429s] Level 1:colcon.colcon_core.package_identification:_identify(bilder) by extension 'colcon_pkg'
[5.429s] Level 1:colcon.colcon_core.package_identification:_identify(bilder) by extensions ['colcon_meta']
[5.429s] Level 1:colcon.colcon_core.package_identification:_identify(bilder) by extension 'colcon_meta'
[5.430s] Level 1:colcon.colcon_core.package_identification:_identify(bilder) by extensions ['ros']
[5.430s] Level 1:colcon.colcon_core.package_identification:_identify(bilder) by extension 'ros'
[5.430s] Level 1:colcon.colcon_core.package_identification:_identify(bilder) by extensions ['cmake', 'python']
[5.430s] Level 1:colcon.colcon_core.package_identification:_identify(bilder) by extension 'cmake'
[5.430s] Level 1:colcon.colcon_core.package_identification:_identify(bilder) by extension 'python'
[5.431s] Level 1:colcon.colcon_core.package_identification:_identify(bilder) by extensions ['python_setup_py']
[5.431s] Level 1:colcon.colcon_core.package_identification:_identify(bilder) by extension 'python_setup_py'
[5.431s] Level 1:colcon.colcon_core.package_identification:_identify(build) by extensions ['ignore', 'ignore_ament_install']
[5.432s] Level 1:colcon.colcon_core.package_identification:_identify(build) by extension 'ignore'
[5.432s] Level 1:colcon.colcon_core.package_identification:_identify(build) ignored
[5.433s] Level 1:colcon.colcon_core.package_identification:_identify(install) by extensions ['ignore', 'ignore_ament_install']
[5.433s] Level 1:colcon.colcon_core.package_identification:_identify(install) by extension 'ignore'
[5.433s] Level 1:colcon.colcon_core.package_identification:_identify(install) ignored
[5.434s] Level 1:colcon.colcon_core.package_identification:_identify(log) by extensions ['ignore', 'ignore_ament_install']
[5.435s] Level 1:colcon.colcon_core.package_identification:_identify(log) by extension 'ignore'
[5.435s] Level 1:colcon.colcon_core.package_identification:_identify(log) ignored
[5.435s] Level 1:colcon.colcon_core.package_identification:_identify(my_image_processing) by extensions ['ignore', 'ignore_ament_install']
[5.436s] Level 1:colcon.colcon_core.package_identification:_identify(my_image_processing) by extension 'ignore'
[5.436s] Level 1:colcon.colcon_core.package_identification:_identify(my_image_processing) by extension 'ignore_ament_install'
[5.436s] Level 1:colcon.colcon_core.package_identification:_identify(my_image_processing) by extensions ['colcon_pkg']
[5.436s] Level 1:colcon.colcon_core.package_identification:_identify(my_image_processing) by extension 'colcon_pkg'
[5.437s] Level 1:colcon.colcon_core.package_identification:_identify(my_image_processing) by extensions ['colcon_meta']
[5.437s] Level 1:colcon.colcon_core.package_identification:_identify(my_image_processing) by extension 'colcon_meta'
[5.437s] Level 1:colcon.colcon_core.package_identification:_identify(my_image_processing) by extensions ['ros']
[5.437s] Level 1:colcon.colcon_core.package_identification:_identify(my_image_processing) by extension 'ros'
[5.449s] DEBUG:colcon.colcon_core.package_identification:Package 'my_image_processing' with type 'ros.ament_python' and name 'my_image_processing'
[5.450s] Level 1:colcon.colcon_core.package_identification:_identify(src) by extensions ['ignore', 'ignore_ament_install']
[5.450s] Level 1:colcon.colcon_core.package_identification:_identify(src) by extension 'ignore'
[5.451s] Level 1:colcon.colcon_core.package_identification:_identify(src) by extension 'ignore_ament_install'
[5.451s] Level 1:colcon.colcon_core.package_identification:_identify(src) by extensions ['colcon_pkg']
[5.451s] Level 1:colcon.colcon_core.package_identification:_identify(src) by extension 'colcon_pkg'
[5.451s] Level 1:colcon.colcon_core.package_identification:_identify(src) by extensions ['colcon_meta']
[5.451s] Level 1:colcon.colcon_core.package_identification:_identify(src) by extension 'colcon_meta'
[5.451s] Level 1:colcon.colcon_core.package_identification:_identify(src) by extensions ['ros']
[5.452s] Level 1:colcon.colcon_core.package_identification:_identify(src) by extension 'ros'
[5.452s] Level 1:colcon.colcon_core.package_identification:_identify(src) by extensions ['cmake', 'python']
[5.452s] Level 1:colcon.colcon_core.package_identification:_identify(src) by extension 'cmake'
[5.452s] Level 1:colcon.colcon_core.package_identification:_identify(src) by extension 'python'
[5.453s] Level 1:colcon.colcon_core.package_identification:_identify(src) by extensions ['python_setup_py']
[5.453s] Level 1:colcon.colcon_core.package_identification:_identify(src) by extension 'python_setup_py'
[5.453s] Level 1:colcon.colcon_core.package_discovery:discover_packages(recursive) using defaults
[5.453s] Level 1:colcon.colcon_core.package_discovery:discover_packages(ignore) discover
[5.453s] Level 1:colcon.colcon_core.package_discovery:discover_packages(ignore) using defaults
[5.453s] Level 1:colcon.colcon_core.package_discovery:discover_packages(path) discover
[5.453s] Level 1:colcon.colcon_core.package_discovery:discover_packages(path) using defaults
[6.069s] Level 1:colcon.colcon_core.package_discovery:discover_packages(prefix_path) check parameters
[6.069s] Level 1:colcon.colcon_core.package_discovery:discover_packages(prefix_path) discover
[6.224s] DEBUG:colcon.colcon_installed_package_information.package_discovery:Found 1 installed packages in /home/niklas/ros2-stereo-camera-analyse/install
[6.346s] DEBUG:colcon.colcon_installed_package_information.package_discovery:Found 273 installed packages in /opt/ros/humble
[6.352s] Level 1:colcon.colcon_core.package_discovery:discover_packages(prefix_path) using defaults
[6.769s] Level 5:colcon.colcon_core.verb:set package 'my_image_processing' build argument 'cmake_args' from command line to 'None'
[6.769s] Level 5:colcon.colcon_core.verb:set package 'my_image_processing' build argument 'cmake_target' from command line to 'None'
[6.769s] Level 5:colcon.colcon_core.verb:set package 'my_image_processing' build argument 'cmake_target_skip_unavailable' from command line to 'False'
[6.769s] Level 5:colcon.colcon_core.verb:set package 'my_image_processing' build argument 'cmake_clean_cache' from command line to 'False'
[6.770s] Level 5:colcon.colcon_core.verb:set package 'my_image_processing' build argument 'cmake_clean_first' from command line to 'False'
[6.770s] Level 5:colcon.colcon_core.verb:set package 'my_image_processing' build argument 'cmake_force_configure' from command line to 'False'
[6.770s] Level 5:colcon.colcon_core.verb:set package 'my_image_processing' build argument 'ament_cmake_args' from command line to 'None'
[6.770s] Level 5:colcon.colcon_core.verb:set package 'my_image_processing' build argument 'catkin_cmake_args' from command line to 'None'
[6.770s] Level 5:colcon.colcon_core.verb:set package 'my_image_processing' build argument 'catkin_skip_building_tests' from command line to 'False'
[6.770s] DEBUG:colcon.colcon_core.verb:Building package 'my_image_processing' with the following arguments: {'ament_cmake_args': None, 'build_base': '/home/niklas/ros2-stereo-camera-analyse/build/my_image_processing', 'catkin_cmake_args': None, 'catkin_skip_building_tests': False, 'cmake_args': None, 'cmake_clean_cache': False, 'cmake_clean_first': False, 'cmake_force_configure': False, 'cmake_target': None, 'cmake_target_skip_unavailable': False, 'install_base': '/home/niklas/ros2-stereo-camera-analyse/install/my_image_processing', 'merge_install': False, 'path': '/home/niklas/ros2-stereo-camera-analyse/my_image_processing', 'symlink_install': False, 'test_result_base': None}
[6.843s] INFO:colcon.colcon_core.executor:Executing jobs using 'parallel' executor
[6.921s] DEBUG:colcon.colcon_parallel_executor.executor.parallel:run_until_complete
[6.922s] INFO:colcon.colcon_ros.task.ament_python.build:Building ROS package in '/home/niklas/ros2-stereo-camera-analyse/my_image_processing' with build type 'ament_python'
[6.923s] Level 1:colcon.colcon_core.shell:create_environment_hook('my_image_processing', 'ament_prefix_path')
[7.022s] INFO:colcon.colcon_core.plugin_system:Skipping extension 'colcon_core.shell.bat': Not used on non-Windows systems
[7.023s] INFO:colcon.colcon_core.shell:Creating environment hook '/home/niklas/ros2-stereo-camera-analyse/install/my_image_processing/share/my_image_processing/hook/ament_prefix_path.ps1'
[7.026s] INFO:colcon.colcon_core.shell:Creating environment descriptor '/home/niklas/ros2-stereo-camera-analyse/install/my_image_processing/share/my_image_processing/hook/ament_prefix_path.dsv'
[7.028s] INFO:colcon.colcon_core.shell:Creating environment hook '/home/niklas/ros2-stereo-camera-analyse/install/my_image_processing/share/my_image_processing/hook/ament_prefix_path.sh'
[7.137s] INFO:colcon.colcon_core.shell:Skip shell extension 'powershell' for command environment: Not usable outside of PowerShell
[7.137s] DEBUG:colcon.colcon_core.shell:Skip shell extension 'dsv' for command environment
[8.934s] INFO:colcon.colcon_core.task.python.build:Building Python package in '/home/niklas/ros2-stereo-camera-analyse/my_image_processing'
[9.027s] INFO:colcon.colcon_core.shell:Skip shell extension 'powershell' for command environment: Not usable outside of PowerShell
[9.027s] DEBUG:colcon.colcon_core.shell:Skip shell extension 'dsv' for command environment
[11.273s] DEBUG:colcon.colcon_core.event_handler.log_command:Invoking command in '/home/niklas/ros2-stereo-camera-analyse/my_image_processing': PYTHONPATH=/home/niklas/ros2-stereo-camera-analyse/build/my_image_processing/prefix_override:/home/niklas/ros2-stereo-camera-analyse/install/my_image_processing/lib/python3.10/site-packages:${PYTHONPATH} /usr/bin/python3 setup.py egg_info --egg-base ../build/my_image_processing build --build-base /home/niklas/ros2-stereo-camera-analyse/build/my_image_processing/build install --record /home/niklas/ros2-stereo-camera-analyse/build/my_image_processing/install.log --single-version-externally-managed
[13.020s] DEBUG:colcon.colcon_core.event_handler.log_command:Invoked command in '/home/niklas/ros2-stereo-camera-analyse/my_image_processing' returned '0': PYTHONPATH=/home/niklas/ros2-stereo-camera-analyse/build/my_image_processing/prefix_override:/home/niklas/ros2-stereo-camera-analyse/install/my_image_processing/lib/python3.10/site-packages:${PYTHONPATH} /usr/bin/python3 setup.py egg_info --egg-base ../build/my_image_processing build --build-base /home/niklas/ros2-stereo-camera-analyse/build/my_image_processing/build install --record /home/niklas/ros2-stereo-camera-analyse/build/my_image_processing/install.log --single-version-externally-managed
[13.116s] Level 1:colcon.colcon_core.environment:checking '/home/niklas/ros2-stereo-camera-analyse/install/my_image_processing' for CMake module files
[13.119s] Level 1:colcon.colcon_core.environment:checking '/home/niklas/ros2-stereo-camera-analyse/install/my_image_processing' for CMake config files
[13.124s] Level 1:colcon.colcon_core.environment:checking '/home/niklas/ros2-stereo-camera-analyse/install/my_image_processing/lib'
[13.125s] Level 1:colcon.colcon_core.environment:checking '/home/niklas/ros2-stereo-camera-analyse/install/my_image_processing/bin'
[13.125s] Level 1:colcon.colcon_core.environment:checking '/home/niklas/ros2-stereo-camera-analyse/install/my_image_processing/lib/pkgconfig/my_image_processing.pc'
[13.126s] Level 1:colcon.colcon_core.environment:checking '/home/niklas/ros2-stereo-camera-analyse/install/my_image_processing/lib/python3.10/site-packages'
[13.127s] Level 1:colcon.colcon_core.shell:create_environment_hook('my_image_processing', 'pythonpath')
[13.203s] INFO:colcon.colcon_core.shell:Creating environment hook '/home/niklas/ros2-stereo-camera-analyse/install/my_image_processing/share/my_image_processing/hook/pythonpath.ps1'
[13.208s] INFO:colcon.colcon_core.shell:Creating environment descriptor '/home/niklas/ros2-stereo-camera-analyse/install/my_image_processing/share/my_image_processing/hook/pythonpath.dsv'
[13.211s] INFO:colcon.colcon_core.shell:Creating environment hook '/home/niklas/ros2-stereo-camera-analyse/install/my_image_processing/share/my_image_processing/hook/pythonpath.sh'
[13.215s] Level 1:colcon.colcon_core.environment:checking '/home/niklas/ros2-stereo-camera-analyse/install/my_image_processing/bin'
[13.215s] Level 1:colcon.colcon_core.environment:create_environment_scripts_only(my_image_processing)
[13.294s] INFO:colcon.colcon_core.shell:Creating package script '/home/niklas/ros2-stereo-camera-analyse/install/my_image_processing/share/my_image_processing/package.ps1'
[13.298s] INFO:colcon.colcon_core.shell:Creating package descriptor '/home/niklas/ros2-stereo-camera-analyse/install/my_image_processing/share/my_image_processing/package.dsv'
[13.302s] INFO:colcon.colcon_core.shell:Creating package script '/home/niklas/ros2-stereo-camera-analyse/install/my_image_processing/share/my_image_processing/package.sh'
[13.308s] INFO:colcon.colcon_core.shell:Creating package script '/home/niklas/ros2-stereo-camera-analyse/install/my_image_processing/share/my_image_processing/package.bash'
[13.312s] INFO:colcon.colcon_core.shell:Creating package script '/home/niklas/ros2-stereo-camera-analyse/install/my_image_processing/share/my_image_processing/package.zsh'
[13.317s] Level 1:colcon.colcon_core.environment:create_file_with_runtime_dependencies(/home/niklas/ros2-stereo-camera-analyse/install/my_image_processing/share/colcon-core/packages/my_image_processing)
[13.318s] DEBUG:colcon.colcon_parallel_executor.executor.parallel:closing loop
[13.320s] DEBUG:colcon.colcon_parallel_executor.executor.parallel:loop closed
[13.320s] DEBUG:colcon.colcon_parallel_executor.executor.parallel:run_until_complete finished with '0'
[13.321s] DEBUG:colcon.colcon_core.event_reactor:joining thread
[13.442s] INFO:colcon.colcon_core.plugin_system:Skipping extension 'colcon_notification.desktop_notification.terminal_notifier': Not used on non-Darwin systems
[13.442s] INFO:colcon.colcon_core.plugin_system:Skipping extension 'colcon_notification.desktop_notification.win32': Not used on non-Windows systems
[13.442s] INFO:colcon.colcon_notification.desktop_notification:Sending desktop notification using 'notify2'
[13.494s] DEBUG:colcon.colcon_core.event_reactor:joined thread
[13.613s] INFO:colcon.colcon_core.shell:Creating prefix script '/home/niklas/ros2-stereo-camera-analyse/install/local_setup.ps1'
[13.619s] INFO:colcon.colcon_core.shell:Creating prefix util module '/home/niklas/ros2-stereo-camera-analyse/install/_local_setup_util_ps1.py'
[13.637s] INFO:colcon.colcon_core.shell:Creating prefix chain script '/home/niklas/ros2-stereo-camera-analyse/install/setup.ps1'
[13.751s] INFO:colcon.colcon_core.shell:Creating prefix script '/home/niklas/ros2-stereo-camera-analyse/install/local_setup.sh'
[13.754s] INFO:colcon.colcon_core.shell:Creating prefix util module '/home/niklas/ros2-stereo-camera-analyse/install/_local_setup_util_sh.py'
[13.757s] INFO:colcon.colcon_core.shell:Creating prefix chain script '/home/niklas/ros2-stereo-camera-analyse/install/setup.sh'
[13.894s] INFO:colcon.colcon_core.shell:Creating prefix script '/home/niklas/ros2-stereo-camera-analyse/install/local_setup.bash'
[13.896s] INFO:colcon.colcon_core.shell:Creating prefix chain script '/home/niklas/ros2-stereo-camera-analyse/install/setup.bash'
[13.981s] INFO:colcon.colcon_core.shell:Creating prefix script '/home/niklas/ros2-stereo-camera-analyse/install/local_setup.zsh'
[13.984s] INFO:colcon.colcon_core.shell:Creating prefix chain script '/home/niklas/ros2-stereo-camera-analyse/install/setup.zsh'
